<?xml version="1.0" encoding="UTF-8"?>
<testng-results skipped="11" failed="22" ignored="0" total="35" passed="2">
  <reporter-output>
  </reporter-output>
  <suite name="Regression Test" duration-ms="91640" started-at="2018-07-16T14:37:32Z" finished-at="2018-07-16T14:39:04Z">
    <groups>
    </groups>
    <test name="Regression Testcases" duration-ms="91640" started-at="2018-07-16T14:37:32Z" finished-at="2018-07-16T14:39:04Z">
      <class name="testcases.AllFiles">
        <test-method status="PASS" signature="Setup()[pri:0, instance:testcases.AllFiles@4c70fda8]" name="Setup" is-config="true" duration-ms="29566" started-at="2018-07-16T14:35:16Z" finished-at="2018-07-16T14:35:45Z">
          <reporter-output>
          </reporter-output>
        </test-method> <!-- Setup -->
        <test-method status="PASS" signature="Setup()[pri:0, instance:testcases.Documents@46d56d67]" name="Setup" is-config="true" duration-ms="21824" started-at="2018-07-16T14:35:45Z" finished-at="2018-07-16T14:36:07Z">
          <reporter-output>
          </reporter-output>
        </test-method> <!-- Setup -->
        <test-method status="PASS" signature="Setup()[pri:0, instance:testcases.MessageCenter@26be92ad]" name="Setup" is-config="true" duration-ms="21396" started-at="2018-07-16T14:36:07Z" finished-at="2018-07-16T14:36:28Z">
          <reporter-output>
          </reporter-output>
        </test-method> <!-- Setup -->
        <test-method status="PASS" signature="Setup()[pri:0, instance:testcases.Music@1d057a39]" name="Setup" is-config="true" duration-ms="20573" started-at="2018-07-16T14:36:28Z" finished-at="2018-07-16T14:36:49Z">
          <reporter-output>
          </reporter-output>
        </test-method> <!-- Setup -->
        <test-method status="PASS" signature="Setup()[pri:0, instance:testcases.PhotosAndVideo@14acaea5]" name="Setup" is-config="true" duration-ms="21142" started-at="2018-07-16T14:36:49Z" finished-at="2018-07-16T14:37:10Z">
          <reporter-output>
          </reporter-output>
        </test-method> <!-- Setup -->
        <test-method status="PASS" signature="Setup()[pri:0, instance:testcases.Settings@224edc67]" name="Setup" is-config="true" duration-ms="21803" started-at="2018-07-16T14:37:10Z" finished-at="2018-07-16T14:37:32Z">
          <reporter-output>
          </reporter-output>
        </test-method> <!-- Setup -->
        <test-method status="FAIL" signature="FindExt()[pri:0, instance:testcases.AllFiles@4c70fda8]" name="FindExt" duration-ms="19" started-at="2018-07-16T14:39:04Z" finished-at="2018-07-16T14:39:04Z">
          <exception class="org.openqa.selenium.NoSuchSessionException">
            <message>
              <![CDATA[A session is either terminated or not started (WARNING: The server did not provide any stacktrace information)
Command duration or timeout: 0 milliseconds
Build info: version: '3.13.0', revision: '2f0d292', time: '2018-06-25T15:24:21.231Z'
System info: host: 'IEC02N926BG3QT', ip: 'fe80:0:0:0:1480:349:de4a:f301%en0', os.name: 'Mac OS X', os.arch: 'x86_64', os.version: '10.13.1', java.version: '1.8.0_25'
Driver info: io.appium.java_client.android.AndroidDriver
Capabilities {appActivity: com.newbay.syncdrive.androi..., appPackage: com.vcast.mediamanager, autoDismissAlerts: true, autoGrantPermissions: true, automationName: uiautomator2, deviceName: Android Device, javascriptEnabled: true, newCommandTimeout: 100, noReset: true, platform: ANDROID, platformName: ANDROID}
Session ID: ce5b2156-e0f5-4e95-9450-25bf478827b1
*** Element info: {Using=xpath, value=//android.widget.ImageButton[@content-desc ='Navigate up']}]]>
            </message>
            <full-stacktrace>
              <![CDATA[org.openqa.selenium.NoSuchSessionException: A session is either terminated or not started (WARNING: The server did not provide any stacktrace information)
Command duration or timeout: 0 milliseconds
Build info: version: '3.13.0', revision: '2f0d292', time: '2018-06-25T15:24:21.231Z'
System info: host: 'IEC02N926BG3QT', ip: 'fe80:0:0:0:1480:349:de4a:f301%en0', os.name: 'Mac OS X', os.arch: 'x86_64', os.version: '10.13.1', java.version: '1.8.0_25'
Driver info: io.appium.java_client.android.AndroidDriver
Capabilities {appActivity: com.newbay.syncdrive.androi..., appPackage: com.vcast.mediamanager, autoDismissAlerts: true, autoGrantPermissions: true, automationName: uiautomator2, deviceName: Android Device, javascriptEnabled: true, newCommandTimeout: 100, noReset: true, platform: ANDROID, platformName: ANDROID}
Session ID: ce5b2156-e0f5-4e95-9450-25bf478827b1
*** Element info: {Using=xpath, value=//android.widget.ImageButton[@content-desc ='Navigate up']}
at sun.reflect.GeneratedConstructorAccessor9.newInstance(Unknown Source)
at sun.reflect.DelegatingConstructorAccessorImpl.newInstance(DelegatingConstructorAccessorImpl.java:45)
at java.lang.reflect.Constructor.newInstance(Constructor.java:408)
at org.openqa.selenium.remote.ErrorHandler.createThrowable(ErrorHandler.java:214)
at org.openqa.selenium.remote.ErrorHandler.throwIfResponseFailed(ErrorHandler.java:166)
at org.openqa.selenium.remote.http.JsonHttpResponseCodec.reconstructValue(JsonHttpResponseCodec.java:40)
at org.openqa.selenium.remote.http.AbstractHttpResponseCodec.decode(AbstractHttpResponseCodec.java:80)
at org.openqa.selenium.remote.http.AbstractHttpResponseCodec.decode(AbstractHttpResponseCodec.java:44)
at org.openqa.selenium.remote.HttpCommandExecutor.execute(HttpCommandExecutor.java:158)
at io.appium.java_client.remote.AppiumCommandExecutor.execute(AppiumCommandExecutor.java:89)
at org.openqa.selenium.remote.RemoteWebDriver.execute(RemoteWebDriver.java:548)
at io.appium.java_client.DefaultGenericMobileDriver.execute(DefaultGenericMobileDriver.java:42)
at io.appium.java_client.AppiumDriver.execute(AppiumDriver.java:1)
at io.appium.java_client.android.AndroidDriver.execute(AndroidDriver.java:1)
at org.openqa.selenium.remote.RemoteWebDriver.findElements(RemoteWebDriver.java:349)
at io.appium.java_client.DefaultGenericMobileDriver.findElements(DefaultGenericMobileDriver.java:54)
at io.appium.java_client.AppiumDriver.findElements(AppiumDriver.java:149)
at org.openqa.selenium.remote.RemoteWebDriver.findElementsByXPath(RemoteWebDriver.java:428)
at io.appium.java_client.DefaultGenericMobileDriver.findElementsByXPath(DefaultGenericMobileDriver.java:144)
at io.appium.java_client.AppiumDriver.findElementsByXPath(AppiumDriver.java:181)
at org.openqa.selenium.By$ByXPath.findElements(By.java:348)
at org.openqa.selenium.remote.RemoteWebDriver.findElements(RemoteWebDriver.java:310)
at io.appium.java_client.DefaultGenericMobileDriver.findElements(DefaultGenericMobileDriver.java:50)
at io.appium.java_client.AppiumDriver.findElements(AppiumDriver.java:145)
at org.openqa.selenium.support.ui.ExpectedConditions.findElement(ExpectedConditions.java:881)
at org.openqa.selenium.support.ui.ExpectedConditions.access$000(ExpectedConditions.java:43)
at org.openqa.selenium.support.ui.ExpectedConditions$7.apply(ExpectedConditions.java:205)
at org.openqa.selenium.support.ui.ExpectedConditions$7.apply(ExpectedConditions.java:201)
at org.openqa.selenium.support.ui.FluentWait.until(FluentWait.java:208)
at objectrepository.CommonMethods.Xpath(CommonMethods.java:42)
at testcases.AllFiles.FindExt(AllFiles.java:47)
at sun.reflect.NativeMethodAccessorImpl.invoke0(Native Method)
at sun.reflect.NativeMethodAccessorImpl.invoke(NativeMethodAccessorImpl.java:62)
at sun.reflect.DelegatingMethodAccessorImpl.invoke(DelegatingMethodAccessorImpl.java:43)
at java.lang.reflect.Method.invoke(Method.java:483)
at org.testng.internal.MethodInvocationHelper.invokeMethod(MethodInvocationHelper.java:124)
at org.testng.internal.Invoker.invokeMethod(Invoker.java:583)
at org.testng.internal.Invoker.invokeTestMethod(Invoker.java:719)
at org.testng.internal.Invoker.invokeTestMethods(Invoker.java:989)
at org.testng.internal.TestMethodWorker.invokeTestMethods(TestMethodWorker.java:125)
at org.testng.internal.TestMethodWorker.run(TestMethodWorker.java:109)
at org.testng.TestRunner.privateRun(TestRunner.java:648)
at org.testng.TestRunner.run(TestRunner.java:505)
at org.testng.SuiteRunner.runTest(SuiteRunner.java:455)
at org.testng.SuiteRunner.runSequentially(SuiteRunner.java:450)
at org.testng.SuiteRunner.privateRun(SuiteRunner.java:415)
at org.testng.SuiteRunner.run(SuiteRunner.java:364)
at org.testng.SuiteRunnerWorker.runSuite(SuiteRunnerWorker.java:52)
at org.testng.SuiteRunnerWorker.run(SuiteRunnerWorker.java:84)
at org.testng.TestNG.runSuitesSequentially(TestNG.java:1208)
at org.testng.TestNG.runSuitesLocally(TestNG.java:1137)
at org.testng.TestNG.runSuites(TestNG.java:1049)
at org.testng.TestNG.run(TestNG.java:1017)
at org.apache.maven.surefire.testng.TestNGExecutor.run(TestNGExecutor.java:283)
at org.apache.maven.surefire.testng.TestNGXmlTestSuite.execute(TestNGXmlTestSuite.java:75)
at org.apache.maven.surefire.testng.TestNGProvider.invoke(TestNGProvider.java:120)
at org.apache.maven.surefire.booter.ForkedBooter.invokeProviderInSameClassLoader(ForkedBooter.java:379)
at org.apache.maven.surefire.booter.ForkedBooter.runSuitesInProcess(ForkedBooter.java:340)
at org.apache.maven.surefire.booter.ForkedBooter.execute(ForkedBooter.java:125)
at org.apache.maven.surefire.booter.ForkedBooter.main(ForkedBooter.java:413)
]]>
            </full-stacktrace>
          </exception> <!-- org.openqa.selenium.NoSuchSessionException -->
          <reporter-output>
          </reporter-output>
        </test-method> <!-- FindExt -->
        <test-method status="FAIL" signature="MobileName()[pri:0, instance:testcases.AllFiles@4c70fda8]" name="MobileName" duration-ms="8" started-at="2018-07-16T14:39:04Z" finished-at="2018-07-16T14:39:04Z">
          <exception class="org.openqa.selenium.NoSuchSessionException">
            <message>
              <![CDATA[A session is either terminated or not started (WARNING: The server did not provide any stacktrace information)
Command duration or timeout: 0 milliseconds
Build info: version: '3.13.0', revision: '2f0d292', time: '2018-06-25T15:24:21.231Z'
System info: host: 'IEC02N926BG3QT', ip: 'fe80:0:0:0:1480:349:de4a:f301%en0', os.name: 'Mac OS X', os.arch: 'x86_64', os.version: '10.13.1', java.version: '1.8.0_25'
Driver info: io.appium.java_client.android.AndroidDriver
Capabilities {appActivity: com.newbay.syncdrive.androi..., appPackage: com.vcast.mediamanager, autoDismissAlerts: true, autoGrantPermissions: true, automationName: uiautomator2, deviceName: Android Device, javascriptEnabled: true, newCommandTimeout: 100, noReset: true, platform: ANDROID, platformName: ANDROID}
Session ID: ce5b2156-e0f5-4e95-9450-25bf478827b1
*** Element info: {Using=xpath, value=//android.widget.ImageButton[@content-desc ='Navigate up']}]]>
            </message>
            <full-stacktrace>
              <![CDATA[org.openqa.selenium.NoSuchSessionException: A session is either terminated or not started (WARNING: The server did not provide any stacktrace information)
Command duration or timeout: 0 milliseconds
Build info: version: '3.13.0', revision: '2f0d292', time: '2018-06-25T15:24:21.231Z'
System info: host: 'IEC02N926BG3QT', ip: 'fe80:0:0:0:1480:349:de4a:f301%en0', os.name: 'Mac OS X', os.arch: 'x86_64', os.version: '10.13.1', java.version: '1.8.0_25'
Driver info: io.appium.java_client.android.AndroidDriver
Capabilities {appActivity: com.newbay.syncdrive.androi..., appPackage: com.vcast.mediamanager, autoDismissAlerts: true, autoGrantPermissions: true, automationName: uiautomator2, deviceName: Android Device, javascriptEnabled: true, newCommandTimeout: 100, noReset: true, platform: ANDROID, platformName: ANDROID}
Session ID: ce5b2156-e0f5-4e95-9450-25bf478827b1
*** Element info: {Using=xpath, value=//android.widget.ImageButton[@content-desc ='Navigate up']}
at sun.reflect.GeneratedConstructorAccessor9.newInstance(Unknown Source)
at sun.reflect.DelegatingConstructorAccessorImpl.newInstance(DelegatingConstructorAccessorImpl.java:45)
at java.lang.reflect.Constructor.newInstance(Constructor.java:408)
at org.openqa.selenium.remote.ErrorHandler.createThrowable(ErrorHandler.java:214)
at org.openqa.selenium.remote.ErrorHandler.throwIfResponseFailed(ErrorHandler.java:166)
at org.openqa.selenium.remote.http.JsonHttpResponseCodec.reconstructValue(JsonHttpResponseCodec.java:40)
at org.openqa.selenium.remote.http.AbstractHttpResponseCodec.decode(AbstractHttpResponseCodec.java:80)
at org.openqa.selenium.remote.http.AbstractHttpResponseCodec.decode(AbstractHttpResponseCodec.java:44)
at org.openqa.selenium.remote.HttpCommandExecutor.execute(HttpCommandExecutor.java:158)
at io.appium.java_client.remote.AppiumCommandExecutor.execute(AppiumCommandExecutor.java:89)
at org.openqa.selenium.remote.RemoteWebDriver.execute(RemoteWebDriver.java:548)
at io.appium.java_client.DefaultGenericMobileDriver.execute(DefaultGenericMobileDriver.java:42)
at io.appium.java_client.AppiumDriver.execute(AppiumDriver.java:1)
at io.appium.java_client.android.AndroidDriver.execute(AndroidDriver.java:1)
at org.openqa.selenium.remote.RemoteWebDriver.findElements(RemoteWebDriver.java:349)
at io.appium.java_client.DefaultGenericMobileDriver.findElements(DefaultGenericMobileDriver.java:54)
at io.appium.java_client.AppiumDriver.findElements(AppiumDriver.java:149)
at org.openqa.selenium.remote.RemoteWebDriver.findElementsByXPath(RemoteWebDriver.java:428)
at io.appium.java_client.DefaultGenericMobileDriver.findElementsByXPath(DefaultGenericMobileDriver.java:144)
at io.appium.java_client.AppiumDriver.findElementsByXPath(AppiumDriver.java:181)
at org.openqa.selenium.By$ByXPath.findElements(By.java:348)
at org.openqa.selenium.remote.RemoteWebDriver.findElements(RemoteWebDriver.java:310)
at io.appium.java_client.DefaultGenericMobileDriver.findElements(DefaultGenericMobileDriver.java:50)
at io.appium.java_client.AppiumDriver.findElements(AppiumDriver.java:145)
at org.openqa.selenium.support.ui.ExpectedConditions.findElement(ExpectedConditions.java:881)
at org.openqa.selenium.support.ui.ExpectedConditions.access$000(ExpectedConditions.java:43)
at org.openqa.selenium.support.ui.ExpectedConditions$7.apply(ExpectedConditions.java:205)
at org.openqa.selenium.support.ui.ExpectedConditions$7.apply(ExpectedConditions.java:201)
at org.openqa.selenium.support.ui.FluentWait.until(FluentWait.java:208)
at objectrepository.CommonMethods.Xpath(CommonMethods.java:42)
at testcases.AllFiles.MobileName(AllFiles.java:161)
at sun.reflect.NativeMethodAccessorImpl.invoke0(Native Method)
at sun.reflect.NativeMethodAccessorImpl.invoke(NativeMethodAccessorImpl.java:62)
at sun.reflect.DelegatingMethodAccessorImpl.invoke(DelegatingMethodAccessorImpl.java:43)
at java.lang.reflect.Method.invoke(Method.java:483)
at org.testng.internal.MethodInvocationHelper.invokeMethod(MethodInvocationHelper.java:124)
at org.testng.internal.Invoker.invokeMethod(Invoker.java:583)
at org.testng.internal.Invoker.invokeTestMethod(Invoker.java:719)
at org.testng.internal.Invoker.invokeTestMethods(Invoker.java:989)
at org.testng.internal.TestMethodWorker.invokeTestMethods(TestMethodWorker.java:125)
at org.testng.internal.TestMethodWorker.run(TestMethodWorker.java:109)
at org.testng.TestRunner.privateRun(TestRunner.java:648)
at org.testng.TestRunner.run(TestRunner.java:505)
at org.testng.SuiteRunner.runTest(SuiteRunner.java:455)
at org.testng.SuiteRunner.runSequentially(SuiteRunner.java:450)
at org.testng.SuiteRunner.privateRun(SuiteRunner.java:415)
at org.testng.SuiteRunner.run(SuiteRunner.java:364)
at org.testng.SuiteRunnerWorker.runSuite(SuiteRunnerWorker.java:52)
at org.testng.SuiteRunnerWorker.run(SuiteRunnerWorker.java:84)
at org.testng.TestNG.runSuitesSequentially(TestNG.java:1208)
at org.testng.TestNG.runSuitesLocally(TestNG.java:1137)
at org.testng.TestNG.runSuites(TestNG.java:1049)
at org.testng.TestNG.run(TestNG.java:1017)
at org.apache.maven.surefire.testng.TestNGExecutor.run(TestNGExecutor.java:283)
at org.apache.maven.surefire.testng.TestNGXmlTestSuite.execute(TestNGXmlTestSuite.java:75)
at org.apache.maven.surefire.testng.TestNGProvider.invoke(TestNGProvider.java:120)
at org.apache.maven.surefire.booter.ForkedBooter.invokeProviderInSameClassLoader(ForkedBooter.java:379)
at org.apache.maven.surefire.booter.ForkedBooter.runSuitesInProcess(ForkedBooter.java:340)
at org.apache.maven.surefire.booter.ForkedBooter.execute(ForkedBooter.java:125)
at org.apache.maven.surefire.booter.ForkedBooter.main(ForkedBooter.java:413)
]]>
            </full-stacktrace>
          </exception> <!-- org.openqa.selenium.NoSuchSessionException -->
          <reporter-output>
          </reporter-output>
        </test-method> <!-- MobileName -->
        <test-method status="FAIL" signature="OpenMobileRepro()[pri:0, instance:testcases.AllFiles@4c70fda8]" name="OpenMobileRepro" duration-ms="5" started-at="2018-07-16T14:39:04Z" finished-at="2018-07-16T14:39:04Z">
          <exception class="org.openqa.selenium.NoSuchSessionException">
            <message>
              <![CDATA[A session is either terminated or not started (WARNING: The server did not provide any stacktrace information)
Command duration or timeout: 0 milliseconds
Build info: version: '3.13.0', revision: '2f0d292', time: '2018-06-25T15:24:21.231Z'
System info: host: 'IEC02N926BG3QT', ip: 'fe80:0:0:0:1480:349:de4a:f301%en0', os.name: 'Mac OS X', os.arch: 'x86_64', os.version: '10.13.1', java.version: '1.8.0_25'
Driver info: io.appium.java_client.android.AndroidDriver
Capabilities {appActivity: com.newbay.syncdrive.androi..., appPackage: com.vcast.mediamanager, autoDismissAlerts: true, autoGrantPermissions: true, automationName: uiautomator2, deviceName: Android Device, javascriptEnabled: true, newCommandTimeout: 100, noReset: true, platform: ANDROID, platformName: ANDROID}
Session ID: ce5b2156-e0f5-4e95-9450-25bf478827b1
*** Element info: {Using=xpath, value=//android.widget.ImageButton[@content-desc ='Navigate up']}]]>
            </message>
            <full-stacktrace>
              <![CDATA[org.openqa.selenium.NoSuchSessionException: A session is either terminated or not started (WARNING: The server did not provide any stacktrace information)
Command duration or timeout: 0 milliseconds
Build info: version: '3.13.0', revision: '2f0d292', time: '2018-06-25T15:24:21.231Z'
System info: host: 'IEC02N926BG3QT', ip: 'fe80:0:0:0:1480:349:de4a:f301%en0', os.name: 'Mac OS X', os.arch: 'x86_64', os.version: '10.13.1', java.version: '1.8.0_25'
Driver info: io.appium.java_client.android.AndroidDriver
Capabilities {appActivity: com.newbay.syncdrive.androi..., appPackage: com.vcast.mediamanager, autoDismissAlerts: true, autoGrantPermissions: true, automationName: uiautomator2, deviceName: Android Device, javascriptEnabled: true, newCommandTimeout: 100, noReset: true, platform: ANDROID, platformName: ANDROID}
Session ID: ce5b2156-e0f5-4e95-9450-25bf478827b1
*** Element info: {Using=xpath, value=//android.widget.ImageButton[@content-desc ='Navigate up']}
at sun.reflect.GeneratedConstructorAccessor9.newInstance(Unknown Source)
at sun.reflect.DelegatingConstructorAccessorImpl.newInstance(DelegatingConstructorAccessorImpl.java:45)
at java.lang.reflect.Constructor.newInstance(Constructor.java:408)
at org.openqa.selenium.remote.ErrorHandler.createThrowable(ErrorHandler.java:214)
at org.openqa.selenium.remote.ErrorHandler.throwIfResponseFailed(ErrorHandler.java:166)
at org.openqa.selenium.remote.http.JsonHttpResponseCodec.reconstructValue(JsonHttpResponseCodec.java:40)
at org.openqa.selenium.remote.http.AbstractHttpResponseCodec.decode(AbstractHttpResponseCodec.java:80)
at org.openqa.selenium.remote.http.AbstractHttpResponseCodec.decode(AbstractHttpResponseCodec.java:44)
at org.openqa.selenium.remote.HttpCommandExecutor.execute(HttpCommandExecutor.java:158)
at io.appium.java_client.remote.AppiumCommandExecutor.execute(AppiumCommandExecutor.java:89)
at org.openqa.selenium.remote.RemoteWebDriver.execute(RemoteWebDriver.java:548)
at io.appium.java_client.DefaultGenericMobileDriver.execute(DefaultGenericMobileDriver.java:42)
at io.appium.java_client.AppiumDriver.execute(AppiumDriver.java:1)
at io.appium.java_client.android.AndroidDriver.execute(AndroidDriver.java:1)
at org.openqa.selenium.remote.RemoteWebDriver.findElements(RemoteWebDriver.java:349)
at io.appium.java_client.DefaultGenericMobileDriver.findElements(DefaultGenericMobileDriver.java:54)
at io.appium.java_client.AppiumDriver.findElements(AppiumDriver.java:149)
at org.openqa.selenium.remote.RemoteWebDriver.findElementsByXPath(RemoteWebDriver.java:428)
at io.appium.java_client.DefaultGenericMobileDriver.findElementsByXPath(DefaultGenericMobileDriver.java:144)
at io.appium.java_client.AppiumDriver.findElementsByXPath(AppiumDriver.java:181)
at org.openqa.selenium.By$ByXPath.findElements(By.java:348)
at org.openqa.selenium.remote.RemoteWebDriver.findElements(RemoteWebDriver.java:310)
at io.appium.java_client.DefaultGenericMobileDriver.findElements(DefaultGenericMobileDriver.java:50)
at io.appium.java_client.AppiumDriver.findElements(AppiumDriver.java:145)
at org.openqa.selenium.support.ui.ExpectedConditions.findElement(ExpectedConditions.java:881)
at org.openqa.selenium.support.ui.ExpectedConditions.access$000(ExpectedConditions.java:43)
at org.openqa.selenium.support.ui.ExpectedConditions$7.apply(ExpectedConditions.java:205)
at org.openqa.selenium.support.ui.ExpectedConditions$7.apply(ExpectedConditions.java:201)
at org.openqa.selenium.support.ui.FluentWait.until(FluentWait.java:208)
at objectrepository.CommonMethods.Xpath(CommonMethods.java:42)
at testcases.AllFiles.OpenMobileRepro(AllFiles.java:30)
at sun.reflect.NativeMethodAccessorImpl.invoke0(Native Method)
at sun.reflect.NativeMethodAccessorImpl.invoke(NativeMethodAccessorImpl.java:62)
at sun.reflect.DelegatingMethodAccessorImpl.invoke(DelegatingMethodAccessorImpl.java:43)
at java.lang.reflect.Method.invoke(Method.java:483)
at org.testng.internal.MethodInvocationHelper.invokeMethod(MethodInvocationHelper.java:124)
at org.testng.internal.Invoker.invokeMethod(Invoker.java:583)
at org.testng.internal.Invoker.invokeTestMethod(Invoker.java:719)
at org.testng.internal.Invoker.invokeTestMethods(Invoker.java:989)
at org.testng.internal.TestMethodWorker.invokeTestMethods(TestMethodWorker.java:125)
at org.testng.internal.TestMethodWorker.run(TestMethodWorker.java:109)
at org.testng.TestRunner.privateRun(TestRunner.java:648)
at org.testng.TestRunner.run(TestRunner.java:505)
at org.testng.SuiteRunner.runTest(SuiteRunner.java:455)
at org.testng.SuiteRunner.runSequentially(SuiteRunner.java:450)
at org.testng.SuiteRunner.privateRun(SuiteRunner.java:415)
at org.testng.SuiteRunner.run(SuiteRunner.java:364)
at org.testng.SuiteRunnerWorker.runSuite(SuiteRunnerWorker.java:52)
at org.testng.SuiteRunnerWorker.run(SuiteRunnerWorker.java:84)
at org.testng.TestNG.runSuitesSequentially(TestNG.java:1208)
at org.testng.TestNG.runSuitesLocally(TestNG.java:1137)
at org.testng.TestNG.runSuites(TestNG.java:1049)
at org.testng.TestNG.run(TestNG.java:1017)
at org.apache.maven.surefire.testng.TestNGExecutor.run(TestNGExecutor.java:283)
at org.apache.maven.surefire.testng.TestNGXmlTestSuite.execute(TestNGXmlTestSuite.java:75)
at org.apache.maven.surefire.testng.TestNGProvider.invoke(TestNGProvider.java:120)
at org.apache.maven.surefire.booter.ForkedBooter.invokeProviderInSameClassLoader(ForkedBooter.java:379)
at org.apache.maven.surefire.booter.ForkedBooter.runSuitesInProcess(ForkedBooter.java:340)
at org.apache.maven.surefire.booter.ForkedBooter.execute(ForkedBooter.java:125)
at org.apache.maven.surefire.booter.ForkedBooter.main(ForkedBooter.java:413)
]]>
            </full-stacktrace>
          </exception> <!-- org.openqa.selenium.NoSuchSessionException -->
          <reporter-output>
          </reporter-output>
        </test-method> <!-- OpenMobileRepro -->
      </class> <!-- testcases.AllFiles -->
      <class name="testcases.PhotosAndVideo">
        <test-method status="FAIL" signature="AppState()[pri:0, instance:testcases.PhotosAndVideo@14acaea5]" name="AppState" is-config="true" duration-ms="6" started-at="2018-07-16T14:39:03Z" finished-at="2018-07-16T14:39:03Z">
          <exception class="org.openqa.selenium.NoSuchSessionException">
            <message>
              <![CDATA[A session is either terminated or not started (WARNING: The server did not provide any stacktrace information)
Command duration or timeout: 0 milliseconds
Build info: version: '3.13.0', revision: '2f0d292', time: '2018-06-25T15:24:21.231Z'
System info: host: 'IEC02N926BG3QT', ip: 'fe80:0:0:0:1480:349:de4a:f301%en0', os.name: 'Mac OS X', os.arch: 'x86_64', os.version: '10.13.1', java.version: '1.8.0_25'
Driver info: io.appium.java_client.android.AndroidDriver
Capabilities {appActivity: com.newbay.syncdrive.androi..., appPackage: com.vcast.mediamanager, autoDismissAlerts: true, autoGrantPermissions: true, automationName: uiautomator2, deviceName: Android Device, javascriptEnabled: true, newCommandTimeout: 100, noReset: true, platform: ANDROID, platformName: ANDROID}
Session ID: e1fb0052-f1ab-4319-9580-517ba884eac9
*** Element info: {Using=xpath, value=//android.widget.ImageButton[@content-desc ='Navigate up']}]]>
            </message>
            <full-stacktrace>
              <![CDATA[org.openqa.selenium.NoSuchSessionException: A session is either terminated or not started (WARNING: The server did not provide any stacktrace information)
Command duration or timeout: 0 milliseconds
Build info: version: '3.13.0', revision: '2f0d292', time: '2018-06-25T15:24:21.231Z'
System info: host: 'IEC02N926BG3QT', ip: 'fe80:0:0:0:1480:349:de4a:f301%en0', os.name: 'Mac OS X', os.arch: 'x86_64', os.version: '10.13.1', java.version: '1.8.0_25'
Driver info: io.appium.java_client.android.AndroidDriver
Capabilities {appActivity: com.newbay.syncdrive.androi..., appPackage: com.vcast.mediamanager, autoDismissAlerts: true, autoGrantPermissions: true, automationName: uiautomator2, deviceName: Android Device, javascriptEnabled: true, newCommandTimeout: 100, noReset: true, platform: ANDROID, platformName: ANDROID}
Session ID: e1fb0052-f1ab-4319-9580-517ba884eac9
*** Element info: {Using=xpath, value=//android.widget.ImageButton[@content-desc ='Navigate up']}
at sun.reflect.GeneratedConstructorAccessor9.newInstance(Unknown Source)
at sun.reflect.DelegatingConstructorAccessorImpl.newInstance(DelegatingConstructorAccessorImpl.java:45)
at java.lang.reflect.Constructor.newInstance(Constructor.java:408)
at org.openqa.selenium.remote.ErrorHandler.createThrowable(ErrorHandler.java:214)
at org.openqa.selenium.remote.ErrorHandler.throwIfResponseFailed(ErrorHandler.java:166)
at org.openqa.selenium.remote.http.JsonHttpResponseCodec.reconstructValue(JsonHttpResponseCodec.java:40)
at org.openqa.selenium.remote.http.AbstractHttpResponseCodec.decode(AbstractHttpResponseCodec.java:80)
at org.openqa.selenium.remote.http.AbstractHttpResponseCodec.decode(AbstractHttpResponseCodec.java:44)
at org.openqa.selenium.remote.HttpCommandExecutor.execute(HttpCommandExecutor.java:158)
at io.appium.java_client.remote.AppiumCommandExecutor.execute(AppiumCommandExecutor.java:89)
at org.openqa.selenium.remote.RemoteWebDriver.execute(RemoteWebDriver.java:548)
at io.appium.java_client.DefaultGenericMobileDriver.execute(DefaultGenericMobileDriver.java:42)
at io.appium.java_client.AppiumDriver.execute(AppiumDriver.java:1)
at io.appium.java_client.android.AndroidDriver.execute(AndroidDriver.java:1)
at org.openqa.selenium.remote.RemoteWebDriver.findElements(RemoteWebDriver.java:349)
at io.appium.java_client.DefaultGenericMobileDriver.findElements(DefaultGenericMobileDriver.java:54)
at io.appium.java_client.AppiumDriver.findElements(AppiumDriver.java:149)
at org.openqa.selenium.remote.RemoteWebDriver.findElementsByXPath(RemoteWebDriver.java:428)
at io.appium.java_client.DefaultGenericMobileDriver.findElementsByXPath(DefaultGenericMobileDriver.java:144)
at io.appium.java_client.AppiumDriver.findElementsByXPath(AppiumDriver.java:181)
at org.openqa.selenium.By$ByXPath.findElements(By.java:348)
at org.openqa.selenium.remote.RemoteWebDriver.findElements(RemoteWebDriver.java:310)
at io.appium.java_client.DefaultGenericMobileDriver.findElements(DefaultGenericMobileDriver.java:50)
at io.appium.java_client.AppiumDriver.findElements(AppiumDriver.java:145)
at org.openqa.selenium.support.ui.ExpectedConditions.findElement(ExpectedConditions.java:881)
at org.openqa.selenium.support.ui.ExpectedConditions.access$000(ExpectedConditions.java:43)
at org.openqa.selenium.support.ui.ExpectedConditions$7.apply(ExpectedConditions.java:205)
at org.openqa.selenium.support.ui.ExpectedConditions$7.apply(ExpectedConditions.java:201)
at org.openqa.selenium.support.ui.FluentWait.until(FluentWait.java:208)
at objectrepository.CommonMethods.Xpath(CommonMethods.java:42)
at objectrepository.CommonMethods.RateMyAppDisplay(CommonMethods.java:167)
at testcases.PhotosAndVideo.AppState(PhotosAndVideo.java:48)
at sun.reflect.NativeMethodAccessorImpl.invoke0(Native Method)
at sun.reflect.NativeMethodAccessorImpl.invoke(NativeMethodAccessorImpl.java:62)
at sun.reflect.DelegatingMethodAccessorImpl.invoke(DelegatingMethodAccessorImpl.java:43)
at java.lang.reflect.Method.invoke(Method.java:483)
at org.testng.internal.MethodInvocationHelper.invokeMethod(MethodInvocationHelper.java:124)
at org.testng.internal.MethodInvocationHelper.invokeMethodConsideringTimeout(MethodInvocationHelper.java:59)
at org.testng.internal.Invoker.invokeConfigurationMethod(Invoker.java:458)
at org.testng.internal.Invoker.invokeConfigurations(Invoker.java:222)
at org.testng.internal.Invoker.invokeMethod(Invoker.java:523)
at org.testng.internal.Invoker.invokeTestMethod(Invoker.java:719)
at org.testng.internal.Invoker.invokeTestMethods(Invoker.java:989)
at org.testng.internal.TestMethodWorker.invokeTestMethods(TestMethodWorker.java:125)
at org.testng.internal.TestMethodWorker.run(TestMethodWorker.java:109)
at org.testng.TestRunner.privateRun(TestRunner.java:648)
at org.testng.TestRunner.run(TestRunner.java:505)
at org.testng.SuiteRunner.runTest(SuiteRunner.java:455)
at org.testng.SuiteRunner.runSequentially(SuiteRunner.java:450)
at org.testng.SuiteRunner.privateRun(SuiteRunner.java:415)
at org.testng.SuiteRunner.run(SuiteRunner.java:364)
at org.testng.SuiteRunnerWorker.runSuite(SuiteRunnerWorker.java:52)
at org.testng.SuiteRunnerWorker.run(SuiteRunnerWorker.java:84)
at org.testng.TestNG.runSuitesSequentially(TestNG.java:1208)
at org.testng.TestNG.runSuitesLocally(TestNG.java:1137)
at org.testng.TestNG.runSuites(TestNG.java:1049)
at org.testng.TestNG.run(TestNG.java:1017)
at org.apache.maven.surefire.testng.TestNGExecutor.run(TestNGExecutor.java:283)
at org.apache.maven.surefire.testng.TestNGXmlTestSuite.execute(TestNGXmlTestSuite.java:75)
at org.apache.maven.surefire.testng.TestNGProvider.invoke(TestNGProvider.java:120)
at org.apache.maven.surefire.booter.ForkedBooter.invokeProviderInSameClassLoader(ForkedBooter.java:379)
at org.apache.maven.surefire.booter.ForkedBooter.runSuitesInProcess(ForkedBooter.java:340)
at org.apache.maven.surefire.booter.ForkedBooter.execute(ForkedBooter.java:125)
at org.apache.maven.surefire.booter.ForkedBooter.main(ForkedBooter.java:413)
]]>
            </full-stacktrace>
          </exception> <!-- org.openqa.selenium.NoSuchSessionException -->
          <reporter-output>
          </reporter-output>
        </test-method> <!-- AppState -->
        <test-method status="SKIP" signature="Fullview()[pri:0, instance:testcases.PhotosAndVideo@14acaea5]" name="Fullview" duration-ms="0" started-at="2018-07-16T14:39:03Z" finished-at="2018-07-16T14:39:03Z">
          <exception class="org.openqa.selenium.NoSuchSessionException">
            <message>
              <![CDATA[A session is either terminated or not started (WARNING: The server did not provide any stacktrace information)
Command duration or timeout: 0 milliseconds
Build info: version: '3.13.0', revision: '2f0d292', time: '2018-06-25T15:24:21.231Z'
System info: host: 'IEC02N926BG3QT', ip: 'fe80:0:0:0:1480:349:de4a:f301%en0', os.name: 'Mac OS X', os.arch: 'x86_64', os.version: '10.13.1', java.version: '1.8.0_25'
Driver info: io.appium.java_client.android.AndroidDriver
Capabilities {appActivity: com.newbay.syncdrive.androi..., appPackage: com.vcast.mediamanager, autoDismissAlerts: true, autoGrantPermissions: true, automationName: uiautomator2, deviceName: Android Device, javascriptEnabled: true, newCommandTimeout: 100, noReset: true, platform: ANDROID, platformName: ANDROID}
Session ID: e1fb0052-f1ab-4319-9580-517ba884eac9
*** Element info: {Using=xpath, value=//android.widget.ImageButton[@content-desc ='Navigate up']}]]>
            </message>
            <full-stacktrace>
              <![CDATA[org.openqa.selenium.NoSuchSessionException: A session is either terminated or not started (WARNING: The server did not provide any stacktrace information)
Command duration or timeout: 0 milliseconds
Build info: version: '3.13.0', revision: '2f0d292', time: '2018-06-25T15:24:21.231Z'
System info: host: 'IEC02N926BG3QT', ip: 'fe80:0:0:0:1480:349:de4a:f301%en0', os.name: 'Mac OS X', os.arch: 'x86_64', os.version: '10.13.1', java.version: '1.8.0_25'
Driver info: io.appium.java_client.android.AndroidDriver
Capabilities {appActivity: com.newbay.syncdrive.androi..., appPackage: com.vcast.mediamanager, autoDismissAlerts: true, autoGrantPermissions: true, automationName: uiautomator2, deviceName: Android Device, javascriptEnabled: true, newCommandTimeout: 100, noReset: true, platform: ANDROID, platformName: ANDROID}
Session ID: e1fb0052-f1ab-4319-9580-517ba884eac9
*** Element info: {Using=xpath, value=//android.widget.ImageButton[@content-desc ='Navigate up']}
at sun.reflect.GeneratedConstructorAccessor9.newInstance(Unknown Source)
at sun.reflect.DelegatingConstructorAccessorImpl.newInstance(DelegatingConstructorAccessorImpl.java:45)
at java.lang.reflect.Constructor.newInstance(Constructor.java:408)
at org.openqa.selenium.remote.ErrorHandler.createThrowable(ErrorHandler.java:214)
at org.openqa.selenium.remote.ErrorHandler.throwIfResponseFailed(ErrorHandler.java:166)
at org.openqa.selenium.remote.http.JsonHttpResponseCodec.reconstructValue(JsonHttpResponseCodec.java:40)
at org.openqa.selenium.remote.http.AbstractHttpResponseCodec.decode(AbstractHttpResponseCodec.java:80)
at org.openqa.selenium.remote.http.AbstractHttpResponseCodec.decode(AbstractHttpResponseCodec.java:44)
at org.openqa.selenium.remote.HttpCommandExecutor.execute(HttpCommandExecutor.java:158)
at io.appium.java_client.remote.AppiumCommandExecutor.execute(AppiumCommandExecutor.java:89)
at org.openqa.selenium.remote.RemoteWebDriver.execute(RemoteWebDriver.java:548)
at io.appium.java_client.DefaultGenericMobileDriver.execute(DefaultGenericMobileDriver.java:42)
at io.appium.java_client.AppiumDriver.execute(AppiumDriver.java:1)
at io.appium.java_client.android.AndroidDriver.execute(AndroidDriver.java:1)
at org.openqa.selenium.remote.RemoteWebDriver.findElements(RemoteWebDriver.java:349)
at io.appium.java_client.DefaultGenericMobileDriver.findElements(DefaultGenericMobileDriver.java:54)
at io.appium.java_client.AppiumDriver.findElements(AppiumDriver.java:149)
at org.openqa.selenium.remote.RemoteWebDriver.findElementsByXPath(RemoteWebDriver.java:428)
at io.appium.java_client.DefaultGenericMobileDriver.findElementsByXPath(DefaultGenericMobileDriver.java:144)
at io.appium.java_client.AppiumDriver.findElementsByXPath(AppiumDriver.java:181)
at org.openqa.selenium.By$ByXPath.findElements(By.java:348)
at org.openqa.selenium.remote.RemoteWebDriver.findElements(RemoteWebDriver.java:310)
at io.appium.java_client.DefaultGenericMobileDriver.findElements(DefaultGenericMobileDriver.java:50)
at io.appium.java_client.AppiumDriver.findElements(AppiumDriver.java:145)
at org.openqa.selenium.support.ui.ExpectedConditions.findElement(ExpectedConditions.java:881)
at org.openqa.selenium.support.ui.ExpectedConditions.access$000(ExpectedConditions.java:43)
at org.openqa.selenium.support.ui.ExpectedConditions$7.apply(ExpectedConditions.java:205)
at org.openqa.selenium.support.ui.ExpectedConditions$7.apply(ExpectedConditions.java:201)
at org.openqa.selenium.support.ui.FluentWait.until(FluentWait.java:208)
at objectrepository.CommonMethods.Xpath(CommonMethods.java:42)
at objectrepository.CommonMethods.RateMyAppDisplay(CommonMethods.java:167)
at testcases.PhotosAndVideo.AppState(PhotosAndVideo.java:48)
at sun.reflect.NativeMethodAccessorImpl.invoke0(Native Method)
at sun.reflect.NativeMethodAccessorImpl.invoke(NativeMethodAccessorImpl.java:62)
at sun.reflect.DelegatingMethodAccessorImpl.invoke(DelegatingMethodAccessorImpl.java:43)
at java.lang.reflect.Method.invoke(Method.java:483)
at org.testng.internal.MethodInvocationHelper.invokeMethod(MethodInvocationHelper.java:124)
at org.testng.internal.MethodInvocationHelper.invokeMethodConsideringTimeout(MethodInvocationHelper.java:59)
at org.testng.internal.Invoker.invokeConfigurationMethod(Invoker.java:458)
at org.testng.internal.Invoker.invokeConfigurations(Invoker.java:222)
at org.testng.internal.Invoker.invokeMethod(Invoker.java:523)
at org.testng.internal.Invoker.invokeTestMethod(Invoker.java:719)
at org.testng.internal.Invoker.invokeTestMethods(Invoker.java:989)
at org.testng.internal.TestMethodWorker.invokeTestMethods(TestMethodWorker.java:125)
at org.testng.internal.TestMethodWorker.run(TestMethodWorker.java:109)
at org.testng.TestRunner.privateRun(TestRunner.java:648)
at org.testng.TestRunner.run(TestRunner.java:505)
at org.testng.SuiteRunner.runTest(SuiteRunner.java:455)
at org.testng.SuiteRunner.runSequentially(SuiteRunner.java:450)
at org.testng.SuiteRunner.privateRun(SuiteRunner.java:415)
at org.testng.SuiteRunner.run(SuiteRunner.java:364)
at org.testng.SuiteRunnerWorker.runSuite(SuiteRunnerWorker.java:52)
at org.testng.SuiteRunnerWorker.run(SuiteRunnerWorker.java:84)
at org.testng.TestNG.runSuitesSequentially(TestNG.java:1208)
at org.testng.TestNG.runSuitesLocally(TestNG.java:1137)
at org.testng.TestNG.runSuites(TestNG.java:1049)
at org.testng.TestNG.run(TestNG.java:1017)
at org.apache.maven.surefire.testng.TestNGExecutor.run(TestNGExecutor.java:283)
at org.apache.maven.surefire.testng.TestNGXmlTestSuite.execute(TestNGXmlTestSuite.java:75)
at org.apache.maven.surefire.testng.TestNGProvider.invoke(TestNGProvider.java:120)
at org.apache.maven.surefire.booter.ForkedBooter.invokeProviderInSameClassLoader(ForkedBooter.java:379)
at org.apache.maven.surefire.booter.ForkedBooter.runSuitesInProcess(ForkedBooter.java:340)
at org.apache.maven.surefire.booter.ForkedBooter.execute(ForkedBooter.java:125)
at org.apache.maven.surefire.booter.ForkedBooter.main(ForkedBooter.java:413)
]]>
            </full-stacktrace>
          </exception> <!-- org.openqa.selenium.NoSuchSessionException -->
          <reporter-output>
          </reporter-output>
        </test-method> <!-- Fullview -->
        <test-method status="SKIP" signature="CreateAlbums()[pri:0, instance:testcases.PhotosAndVideo@14acaea5]" name="CreateAlbums" duration-ms="0" started-at="2018-07-16T14:39:03Z" finished-at="2018-07-16T14:39:03Z">
          <exception class="org.openqa.selenium.NoSuchSessionException">
            <message>
              <![CDATA[A session is either terminated or not started (WARNING: The server did not provide any stacktrace information)
Command duration or timeout: 0 milliseconds
Build info: version: '3.13.0', revision: '2f0d292', time: '2018-06-25T15:24:21.231Z'
System info: host: 'IEC02N926BG3QT', ip: 'fe80:0:0:0:1480:349:de4a:f301%en0', os.name: 'Mac OS X', os.arch: 'x86_64', os.version: '10.13.1', java.version: '1.8.0_25'
Driver info: io.appium.java_client.android.AndroidDriver
Capabilities {appActivity: com.newbay.syncdrive.androi..., appPackage: com.vcast.mediamanager, autoDismissAlerts: true, autoGrantPermissions: true, automationName: uiautomator2, deviceName: Android Device, javascriptEnabled: true, newCommandTimeout: 100, noReset: true, platform: ANDROID, platformName: ANDROID}
Session ID: e1fb0052-f1ab-4319-9580-517ba884eac9
*** Element info: {Using=xpath, value=//android.widget.ImageButton[@content-desc ='Navigate up']}]]>
            </message>
            <full-stacktrace>
              <![CDATA[org.openqa.selenium.NoSuchSessionException: A session is either terminated or not started (WARNING: The server did not provide any stacktrace information)
Command duration or timeout: 0 milliseconds
Build info: version: '3.13.0', revision: '2f0d292', time: '2018-06-25T15:24:21.231Z'
System info: host: 'IEC02N926BG3QT', ip: 'fe80:0:0:0:1480:349:de4a:f301%en0', os.name: 'Mac OS X', os.arch: 'x86_64', os.version: '10.13.1', java.version: '1.8.0_25'
Driver info: io.appium.java_client.android.AndroidDriver
Capabilities {appActivity: com.newbay.syncdrive.androi..., appPackage: com.vcast.mediamanager, autoDismissAlerts: true, autoGrantPermissions: true, automationName: uiautomator2, deviceName: Android Device, javascriptEnabled: true, newCommandTimeout: 100, noReset: true, platform: ANDROID, platformName: ANDROID}
Session ID: e1fb0052-f1ab-4319-9580-517ba884eac9
*** Element info: {Using=xpath, value=//android.widget.ImageButton[@content-desc ='Navigate up']}
at sun.reflect.GeneratedConstructorAccessor9.newInstance(Unknown Source)
at sun.reflect.DelegatingConstructorAccessorImpl.newInstance(DelegatingConstructorAccessorImpl.java:45)
at java.lang.reflect.Constructor.newInstance(Constructor.java:408)
at org.openqa.selenium.remote.ErrorHandler.createThrowable(ErrorHandler.java:214)
at org.openqa.selenium.remote.ErrorHandler.throwIfResponseFailed(ErrorHandler.java:166)
at org.openqa.selenium.remote.http.JsonHttpResponseCodec.reconstructValue(JsonHttpResponseCodec.java:40)
at org.openqa.selenium.remote.http.AbstractHttpResponseCodec.decode(AbstractHttpResponseCodec.java:80)
at org.openqa.selenium.remote.http.AbstractHttpResponseCodec.decode(AbstractHttpResponseCodec.java:44)
at org.openqa.selenium.remote.HttpCommandExecutor.execute(HttpCommandExecutor.java:158)
at io.appium.java_client.remote.AppiumCommandExecutor.execute(AppiumCommandExecutor.java:89)
at org.openqa.selenium.remote.RemoteWebDriver.execute(RemoteWebDriver.java:548)
at io.appium.java_client.DefaultGenericMobileDriver.execute(DefaultGenericMobileDriver.java:42)
at io.appium.java_client.AppiumDriver.execute(AppiumDriver.java:1)
at io.appium.java_client.android.AndroidDriver.execute(AndroidDriver.java:1)
at org.openqa.selenium.remote.RemoteWebDriver.findElements(RemoteWebDriver.java:349)
at io.appium.java_client.DefaultGenericMobileDriver.findElements(DefaultGenericMobileDriver.java:54)
at io.appium.java_client.AppiumDriver.findElements(AppiumDriver.java:149)
at org.openqa.selenium.remote.RemoteWebDriver.findElementsByXPath(RemoteWebDriver.java:428)
at io.appium.java_client.DefaultGenericMobileDriver.findElementsByXPath(DefaultGenericMobileDriver.java:144)
at io.appium.java_client.AppiumDriver.findElementsByXPath(AppiumDriver.java:181)
at org.openqa.selenium.By$ByXPath.findElements(By.java:348)
at org.openqa.selenium.remote.RemoteWebDriver.findElements(RemoteWebDriver.java:310)
at io.appium.java_client.DefaultGenericMobileDriver.findElements(DefaultGenericMobileDriver.java:50)
at io.appium.java_client.AppiumDriver.findElements(AppiumDriver.java:145)
at org.openqa.selenium.support.ui.ExpectedConditions.findElement(ExpectedConditions.java:881)
at org.openqa.selenium.support.ui.ExpectedConditions.access$000(ExpectedConditions.java:43)
at org.openqa.selenium.support.ui.ExpectedConditions$7.apply(ExpectedConditions.java:205)
at org.openqa.selenium.support.ui.ExpectedConditions$7.apply(ExpectedConditions.java:201)
at org.openqa.selenium.support.ui.FluentWait.until(FluentWait.java:208)
at objectrepository.CommonMethods.Xpath(CommonMethods.java:42)
at objectrepository.CommonMethods.RateMyAppDisplay(CommonMethods.java:167)
at testcases.PhotosAndVideo.AppState(PhotosAndVideo.java:48)
at sun.reflect.NativeMethodAccessorImpl.invoke0(Native Method)
at sun.reflect.NativeMethodAccessorImpl.invoke(NativeMethodAccessorImpl.java:62)
at sun.reflect.DelegatingMethodAccessorImpl.invoke(DelegatingMethodAccessorImpl.java:43)
at java.lang.reflect.Method.invoke(Method.java:483)
at org.testng.internal.MethodInvocationHelper.invokeMethod(MethodInvocationHelper.java:124)
at org.testng.internal.MethodInvocationHelper.invokeMethodConsideringTimeout(MethodInvocationHelper.java:59)
at org.testng.internal.Invoker.invokeConfigurationMethod(Invoker.java:458)
at org.testng.internal.Invoker.invokeConfigurations(Invoker.java:222)
at org.testng.internal.Invoker.invokeMethod(Invoker.java:523)
at org.testng.internal.Invoker.invokeTestMethod(Invoker.java:719)
at org.testng.internal.Invoker.invokeTestMethods(Invoker.java:989)
at org.testng.internal.TestMethodWorker.invokeTestMethods(TestMethodWorker.java:125)
at org.testng.internal.TestMethodWorker.run(TestMethodWorker.java:109)
at org.testng.TestRunner.privateRun(TestRunner.java:648)
at org.testng.TestRunner.run(TestRunner.java:505)
at org.testng.SuiteRunner.runTest(SuiteRunner.java:455)
at org.testng.SuiteRunner.runSequentially(SuiteRunner.java:450)
at org.testng.SuiteRunner.privateRun(SuiteRunner.java:415)
at org.testng.SuiteRunner.run(SuiteRunner.java:364)
at org.testng.SuiteRunnerWorker.runSuite(SuiteRunnerWorker.java:52)
at org.testng.SuiteRunnerWorker.run(SuiteRunnerWorker.java:84)
at org.testng.TestNG.runSuitesSequentially(TestNG.java:1208)
at org.testng.TestNG.runSuitesLocally(TestNG.java:1137)
at org.testng.TestNG.runSuites(TestNG.java:1049)
at org.testng.TestNG.run(TestNG.java:1017)
at org.apache.maven.surefire.testng.TestNGExecutor.run(TestNGExecutor.java:283)
at org.apache.maven.surefire.testng.TestNGXmlTestSuite.execute(TestNGXmlTestSuite.java:75)
at org.apache.maven.surefire.testng.TestNGProvider.invoke(TestNGProvider.java:120)
at org.apache.maven.surefire.booter.ForkedBooter.invokeProviderInSameClassLoader(ForkedBooter.java:379)
at org.apache.maven.surefire.booter.ForkedBooter.runSuitesInProcess(ForkedBooter.java:340)
at org.apache.maven.surefire.booter.ForkedBooter.execute(ForkedBooter.java:125)
at org.apache.maven.surefire.booter.ForkedBooter.main(ForkedBooter.java:413)
]]>
            </full-stacktrace>
          </exception> <!-- org.openqa.selenium.NoSuchSessionException -->
          <reporter-output>
          </reporter-output>
        </test-method> <!-- CreateAlbums -->
        <test-method status="SKIP" signature="AppState()[pri:0, instance:testcases.PhotosAndVideo@14acaea5]" name="AppState" is-config="true" duration-ms="0" started-at="2018-07-16T14:39:03Z" finished-at="2018-07-16T14:39:03Z">
          <reporter-output>
          </reporter-output>
        </test-method> <!-- AppState -->
        <test-method status="SKIP" signature="LaunchVideo()[pri:0, instance:testcases.PhotosAndVideo@14acaea5]" name="LaunchVideo" duration-ms="0" started-at="2018-07-16T14:39:03Z" finished-at="2018-07-16T14:39:03Z">
          <exception class="org.openqa.selenium.NoSuchSessionException">
            <message>
              <![CDATA[A session is either terminated or not started (WARNING: The server did not provide any stacktrace information)
Command duration or timeout: 0 milliseconds
Build info: version: '3.13.0', revision: '2f0d292', time: '2018-06-25T15:24:21.231Z'
System info: host: 'IEC02N926BG3QT', ip: 'fe80:0:0:0:1480:349:de4a:f301%en0', os.name: 'Mac OS X', os.arch: 'x86_64', os.version: '10.13.1', java.version: '1.8.0_25'
Driver info: io.appium.java_client.android.AndroidDriver
Capabilities {appActivity: com.newbay.syncdrive.androi..., appPackage: com.vcast.mediamanager, autoDismissAlerts: true, autoGrantPermissions: true, automationName: uiautomator2, deviceName: Android Device, javascriptEnabled: true, newCommandTimeout: 100, noReset: true, platform: ANDROID, platformName: ANDROID}
Session ID: e1fb0052-f1ab-4319-9580-517ba884eac9
*** Element info: {Using=xpath, value=//android.widget.ImageButton[@content-desc ='Navigate up']}]]>
            </message>
            <full-stacktrace>
              <![CDATA[org.openqa.selenium.NoSuchSessionException: A session is either terminated or not started (WARNING: The server did not provide any stacktrace information)
Command duration or timeout: 0 milliseconds
Build info: version: '3.13.0', revision: '2f0d292', time: '2018-06-25T15:24:21.231Z'
System info: host: 'IEC02N926BG3QT', ip: 'fe80:0:0:0:1480:349:de4a:f301%en0', os.name: 'Mac OS X', os.arch: 'x86_64', os.version: '10.13.1', java.version: '1.8.0_25'
Driver info: io.appium.java_client.android.AndroidDriver
Capabilities {appActivity: com.newbay.syncdrive.androi..., appPackage: com.vcast.mediamanager, autoDismissAlerts: true, autoGrantPermissions: true, automationName: uiautomator2, deviceName: Android Device, javascriptEnabled: true, newCommandTimeout: 100, noReset: true, platform: ANDROID, platformName: ANDROID}
Session ID: e1fb0052-f1ab-4319-9580-517ba884eac9
*** Element info: {Using=xpath, value=//android.widget.ImageButton[@content-desc ='Navigate up']}
at sun.reflect.GeneratedConstructorAccessor9.newInstance(Unknown Source)
at sun.reflect.DelegatingConstructorAccessorImpl.newInstance(DelegatingConstructorAccessorImpl.java:45)
at java.lang.reflect.Constructor.newInstance(Constructor.java:408)
at org.openqa.selenium.remote.ErrorHandler.createThrowable(ErrorHandler.java:214)
at org.openqa.selenium.remote.ErrorHandler.throwIfResponseFailed(ErrorHandler.java:166)
at org.openqa.selenium.remote.http.JsonHttpResponseCodec.reconstructValue(JsonHttpResponseCodec.java:40)
at org.openqa.selenium.remote.http.AbstractHttpResponseCodec.decode(AbstractHttpResponseCodec.java:80)
at org.openqa.selenium.remote.http.AbstractHttpResponseCodec.decode(AbstractHttpResponseCodec.java:44)
at org.openqa.selenium.remote.HttpCommandExecutor.execute(HttpCommandExecutor.java:158)
at io.appium.java_client.remote.AppiumCommandExecutor.execute(AppiumCommandExecutor.java:89)
at org.openqa.selenium.remote.RemoteWebDriver.execute(RemoteWebDriver.java:548)
at io.appium.java_client.DefaultGenericMobileDriver.execute(DefaultGenericMobileDriver.java:42)
at io.appium.java_client.AppiumDriver.execute(AppiumDriver.java:1)
at io.appium.java_client.android.AndroidDriver.execute(AndroidDriver.java:1)
at org.openqa.selenium.remote.RemoteWebDriver.findElements(RemoteWebDriver.java:349)
at io.appium.java_client.DefaultGenericMobileDriver.findElements(DefaultGenericMobileDriver.java:54)
at io.appium.java_client.AppiumDriver.findElements(AppiumDriver.java:149)
at org.openqa.selenium.remote.RemoteWebDriver.findElementsByXPath(RemoteWebDriver.java:428)
at io.appium.java_client.DefaultGenericMobileDriver.findElementsByXPath(DefaultGenericMobileDriver.java:144)
at io.appium.java_client.AppiumDriver.findElementsByXPath(AppiumDriver.java:181)
at org.openqa.selenium.By$ByXPath.findElements(By.java:348)
at org.openqa.selenium.remote.RemoteWebDriver.findElements(RemoteWebDriver.java:310)
at io.appium.java_client.DefaultGenericMobileDriver.findElements(DefaultGenericMobileDriver.java:50)
at io.appium.java_client.AppiumDriver.findElements(AppiumDriver.java:145)
at org.openqa.selenium.support.ui.ExpectedConditions.findElement(ExpectedConditions.java:881)
at org.openqa.selenium.support.ui.ExpectedConditions.access$000(ExpectedConditions.java:43)
at org.openqa.selenium.support.ui.ExpectedConditions$7.apply(ExpectedConditions.java:205)
at org.openqa.selenium.support.ui.ExpectedConditions$7.apply(ExpectedConditions.java:201)
at org.openqa.selenium.support.ui.FluentWait.until(FluentWait.java:208)
at objectrepository.CommonMethods.Xpath(CommonMethods.java:42)
at objectrepository.CommonMethods.RateMyAppDisplay(CommonMethods.java:167)
at testcases.PhotosAndVideo.AppState(PhotosAndVideo.java:48)
at sun.reflect.NativeMethodAccessorImpl.invoke0(Native Method)
at sun.reflect.NativeMethodAccessorImpl.invoke(NativeMethodAccessorImpl.java:62)
at sun.reflect.DelegatingMethodAccessorImpl.invoke(DelegatingMethodAccessorImpl.java:43)
at java.lang.reflect.Method.invoke(Method.java:483)
at org.testng.internal.MethodInvocationHelper.invokeMethod(MethodInvocationHelper.java:124)
at org.testng.internal.MethodInvocationHelper.invokeMethodConsideringTimeout(MethodInvocationHelper.java:59)
at org.testng.internal.Invoker.invokeConfigurationMethod(Invoker.java:458)
at org.testng.internal.Invoker.invokeConfigurations(Invoker.java:222)
at org.testng.internal.Invoker.invokeMethod(Invoker.java:523)
at org.testng.internal.Invoker.invokeTestMethod(Invoker.java:719)
at org.testng.internal.Invoker.invokeTestMethods(Invoker.java:989)
at org.testng.internal.TestMethodWorker.invokeTestMethods(TestMethodWorker.java:125)
at org.testng.internal.TestMethodWorker.run(TestMethodWorker.java:109)
at org.testng.TestRunner.privateRun(TestRunner.java:648)
at org.testng.TestRunner.run(TestRunner.java:505)
at org.testng.SuiteRunner.runTest(SuiteRunner.java:455)
at org.testng.SuiteRunner.runSequentially(SuiteRunner.java:450)
at org.testng.SuiteRunner.privateRun(SuiteRunner.java:415)
at org.testng.SuiteRunner.run(SuiteRunner.java:364)
at org.testng.SuiteRunnerWorker.runSuite(SuiteRunnerWorker.java:52)
at org.testng.SuiteRunnerWorker.run(SuiteRunnerWorker.java:84)
at org.testng.TestNG.runSuitesSequentially(TestNG.java:1208)
at org.testng.TestNG.runSuitesLocally(TestNG.java:1137)
at org.testng.TestNG.runSuites(TestNG.java:1049)
at org.testng.TestNG.run(TestNG.java:1017)
at org.apache.maven.surefire.testng.TestNGExecutor.run(TestNGExecutor.java:283)
at org.apache.maven.surefire.testng.TestNGXmlTestSuite.execute(TestNGXmlTestSuite.java:75)
at org.apache.maven.surefire.testng.TestNGProvider.invoke(TestNGProvider.java:120)
at org.apache.maven.surefire.booter.ForkedBooter.invokeProviderInSameClassLoader(ForkedBooter.java:379)
at org.apache.maven.surefire.booter.ForkedBooter.runSuitesInProcess(ForkedBooter.java:340)
at org.apache.maven.surefire.booter.ForkedBooter.execute(ForkedBooter.java:125)
at org.apache.maven.surefire.booter.ForkedBooter.main(ForkedBooter.java:413)
]]>
            </full-stacktrace>
          </exception> <!-- org.openqa.selenium.NoSuchSessionException -->
          <reporter-output>
          </reporter-output>
        </test-method> <!-- LaunchVideo -->
        <test-method status="SKIP" signature="AppState()[pri:0, instance:testcases.PhotosAndVideo@14acaea5]" name="AppState" is-config="true" duration-ms="0" started-at="2018-07-16T14:39:03Z" finished-at="2018-07-16T14:39:03Z">
          <reporter-output>
          </reporter-output>
        </test-method> <!-- AppState -->
        <test-method status="SKIP" signature="Info()[pri:0, instance:testcases.PhotosAndVideo@14acaea5]" name="Info" duration-ms="0" started-at="2018-07-16T14:39:03Z" finished-at="2018-07-16T14:39:03Z">
          <exception class="org.openqa.selenium.NoSuchSessionException">
            <message>
              <![CDATA[A session is either terminated or not started (WARNING: The server did not provide any stacktrace information)
Command duration or timeout: 0 milliseconds
Build info: version: '3.13.0', revision: '2f0d292', time: '2018-06-25T15:24:21.231Z'
System info: host: 'IEC02N926BG3QT', ip: 'fe80:0:0:0:1480:349:de4a:f301%en0', os.name: 'Mac OS X', os.arch: 'x86_64', os.version: '10.13.1', java.version: '1.8.0_25'
Driver info: io.appium.java_client.android.AndroidDriver
Capabilities {appActivity: com.newbay.syncdrive.androi..., appPackage: com.vcast.mediamanager, autoDismissAlerts: true, autoGrantPermissions: true, automationName: uiautomator2, deviceName: Android Device, javascriptEnabled: true, newCommandTimeout: 100, noReset: true, platform: ANDROID, platformName: ANDROID}
Session ID: e1fb0052-f1ab-4319-9580-517ba884eac9
*** Element info: {Using=xpath, value=//android.widget.ImageButton[@content-desc ='Navigate up']}]]>
            </message>
            <full-stacktrace>
              <![CDATA[org.openqa.selenium.NoSuchSessionException: A session is either terminated or not started (WARNING: The server did not provide any stacktrace information)
Command duration or timeout: 0 milliseconds
Build info: version: '3.13.0', revision: '2f0d292', time: '2018-06-25T15:24:21.231Z'
System info: host: 'IEC02N926BG3QT', ip: 'fe80:0:0:0:1480:349:de4a:f301%en0', os.name: 'Mac OS X', os.arch: 'x86_64', os.version: '10.13.1', java.version: '1.8.0_25'
Driver info: io.appium.java_client.android.AndroidDriver
Capabilities {appActivity: com.newbay.syncdrive.androi..., appPackage: com.vcast.mediamanager, autoDismissAlerts: true, autoGrantPermissions: true, automationName: uiautomator2, deviceName: Android Device, javascriptEnabled: true, newCommandTimeout: 100, noReset: true, platform: ANDROID, platformName: ANDROID}
Session ID: e1fb0052-f1ab-4319-9580-517ba884eac9
*** Element info: {Using=xpath, value=//android.widget.ImageButton[@content-desc ='Navigate up']}
at sun.reflect.GeneratedConstructorAccessor9.newInstance(Unknown Source)
at sun.reflect.DelegatingConstructorAccessorImpl.newInstance(DelegatingConstructorAccessorImpl.java:45)
at java.lang.reflect.Constructor.newInstance(Constructor.java:408)
at org.openqa.selenium.remote.ErrorHandler.createThrowable(ErrorHandler.java:214)
at org.openqa.selenium.remote.ErrorHandler.throwIfResponseFailed(ErrorHandler.java:166)
at org.openqa.selenium.remote.http.JsonHttpResponseCodec.reconstructValue(JsonHttpResponseCodec.java:40)
at org.openqa.selenium.remote.http.AbstractHttpResponseCodec.decode(AbstractHttpResponseCodec.java:80)
at org.openqa.selenium.remote.http.AbstractHttpResponseCodec.decode(AbstractHttpResponseCodec.java:44)
at org.openqa.selenium.remote.HttpCommandExecutor.execute(HttpCommandExecutor.java:158)
at io.appium.java_client.remote.AppiumCommandExecutor.execute(AppiumCommandExecutor.java:89)
at org.openqa.selenium.remote.RemoteWebDriver.execute(RemoteWebDriver.java:548)
at io.appium.java_client.DefaultGenericMobileDriver.execute(DefaultGenericMobileDriver.java:42)
at io.appium.java_client.AppiumDriver.execute(AppiumDriver.java:1)
at io.appium.java_client.android.AndroidDriver.execute(AndroidDriver.java:1)
at org.openqa.selenium.remote.RemoteWebDriver.findElements(RemoteWebDriver.java:349)
at io.appium.java_client.DefaultGenericMobileDriver.findElements(DefaultGenericMobileDriver.java:54)
at io.appium.java_client.AppiumDriver.findElements(AppiumDriver.java:149)
at org.openqa.selenium.remote.RemoteWebDriver.findElementsByXPath(RemoteWebDriver.java:428)
at io.appium.java_client.DefaultGenericMobileDriver.findElementsByXPath(DefaultGenericMobileDriver.java:144)
at io.appium.java_client.AppiumDriver.findElementsByXPath(AppiumDriver.java:181)
at org.openqa.selenium.By$ByXPath.findElements(By.java:348)
at org.openqa.selenium.remote.RemoteWebDriver.findElements(RemoteWebDriver.java:310)
at io.appium.java_client.DefaultGenericMobileDriver.findElements(DefaultGenericMobileDriver.java:50)
at io.appium.java_client.AppiumDriver.findElements(AppiumDriver.java:145)
at org.openqa.selenium.support.ui.ExpectedConditions.findElement(ExpectedConditions.java:881)
at org.openqa.selenium.support.ui.ExpectedConditions.access$000(ExpectedConditions.java:43)
at org.openqa.selenium.support.ui.ExpectedConditions$7.apply(ExpectedConditions.java:205)
at org.openqa.selenium.support.ui.ExpectedConditions$7.apply(ExpectedConditions.java:201)
at org.openqa.selenium.support.ui.FluentWait.until(FluentWait.java:208)
at objectrepository.CommonMethods.Xpath(CommonMethods.java:42)
at objectrepository.CommonMethods.RateMyAppDisplay(CommonMethods.java:167)
at testcases.PhotosAndVideo.AppState(PhotosAndVideo.java:48)
at sun.reflect.NativeMethodAccessorImpl.invoke0(Native Method)
at sun.reflect.NativeMethodAccessorImpl.invoke(NativeMethodAccessorImpl.java:62)
at sun.reflect.DelegatingMethodAccessorImpl.invoke(DelegatingMethodAccessorImpl.java:43)
at java.lang.reflect.Method.invoke(Method.java:483)
at org.testng.internal.MethodInvocationHelper.invokeMethod(MethodInvocationHelper.java:124)
at org.testng.internal.MethodInvocationHelper.invokeMethodConsideringTimeout(MethodInvocationHelper.java:59)
at org.testng.internal.Invoker.invokeConfigurationMethod(Invoker.java:458)
at org.testng.internal.Invoker.invokeConfigurations(Invoker.java:222)
at org.testng.internal.Invoker.invokeMethod(Invoker.java:523)
at org.testng.internal.Invoker.invokeTestMethod(Invoker.java:719)
at org.testng.internal.Invoker.invokeTestMethods(Invoker.java:989)
at org.testng.internal.TestMethodWorker.invokeTestMethods(TestMethodWorker.java:125)
at org.testng.internal.TestMethodWorker.run(TestMethodWorker.java:109)
at org.testng.TestRunner.privateRun(TestRunner.java:648)
at org.testng.TestRunner.run(TestRunner.java:505)
at org.testng.SuiteRunner.runTest(SuiteRunner.java:455)
at org.testng.SuiteRunner.runSequentially(SuiteRunner.java:450)
at org.testng.SuiteRunner.privateRun(SuiteRunner.java:415)
at org.testng.SuiteRunner.run(SuiteRunner.java:364)
at org.testng.SuiteRunnerWorker.runSuite(SuiteRunnerWorker.java:52)
at org.testng.SuiteRunnerWorker.run(SuiteRunnerWorker.java:84)
at org.testng.TestNG.runSuitesSequentially(TestNG.java:1208)
at org.testng.TestNG.runSuitesLocally(TestNG.java:1137)
at org.testng.TestNG.runSuites(TestNG.java:1049)
at org.testng.TestNG.run(TestNG.java:1017)
at org.apache.maven.surefire.testng.TestNGExecutor.run(TestNGExecutor.java:283)
at org.apache.maven.surefire.testng.TestNGXmlTestSuite.execute(TestNGXmlTestSuite.java:75)
at org.apache.maven.surefire.testng.TestNGProvider.invoke(TestNGProvider.java:120)
at org.apache.maven.surefire.booter.ForkedBooter.invokeProviderInSameClassLoader(ForkedBooter.java:379)
at org.apache.maven.surefire.booter.ForkedBooter.runSuitesInProcess(ForkedBooter.java:340)
at org.apache.maven.surefire.booter.ForkedBooter.execute(ForkedBooter.java:125)
at org.apache.maven.surefire.booter.ForkedBooter.main(ForkedBooter.java:413)
]]>
            </full-stacktrace>
          </exception> <!-- org.openqa.selenium.NoSuchSessionException -->
          <reporter-output>
          </reporter-output>
        </test-method> <!-- Info -->
        <test-method status="SKIP" signature="AppState()[pri:0, instance:testcases.PhotosAndVideo@14acaea5]" name="AppState" is-config="true" duration-ms="0" started-at="2018-07-16T14:39:03Z" finished-at="2018-07-16T14:39:03Z">
          <reporter-output>
          </reporter-output>
        </test-method> <!-- AppState -->
        <test-method status="SKIP" signature="PhotoVidDownload()[pri:0, instance:testcases.PhotosAndVideo@14acaea5]" name="PhotoVidDownload" duration-ms="0" started-at="2018-07-16T14:39:03Z" finished-at="2018-07-16T14:39:03Z">
          <exception class="org.openqa.selenium.NoSuchSessionException">
            <message>
              <![CDATA[A session is either terminated or not started (WARNING: The server did not provide any stacktrace information)
Command duration or timeout: 0 milliseconds
Build info: version: '3.13.0', revision: '2f0d292', time: '2018-06-25T15:24:21.231Z'
System info: host: 'IEC02N926BG3QT', ip: 'fe80:0:0:0:1480:349:de4a:f301%en0', os.name: 'Mac OS X', os.arch: 'x86_64', os.version: '10.13.1', java.version: '1.8.0_25'
Driver info: io.appium.java_client.android.AndroidDriver
Capabilities {appActivity: com.newbay.syncdrive.androi..., appPackage: com.vcast.mediamanager, autoDismissAlerts: true, autoGrantPermissions: true, automationName: uiautomator2, deviceName: Android Device, javascriptEnabled: true, newCommandTimeout: 100, noReset: true, platform: ANDROID, platformName: ANDROID}
Session ID: e1fb0052-f1ab-4319-9580-517ba884eac9
*** Element info: {Using=xpath, value=//android.widget.ImageButton[@content-desc ='Navigate up']}]]>
            </message>
            <full-stacktrace>
              <![CDATA[org.openqa.selenium.NoSuchSessionException: A session is either terminated or not started (WARNING: The server did not provide any stacktrace information)
Command duration or timeout: 0 milliseconds
Build info: version: '3.13.0', revision: '2f0d292', time: '2018-06-25T15:24:21.231Z'
System info: host: 'IEC02N926BG3QT', ip: 'fe80:0:0:0:1480:349:de4a:f301%en0', os.name: 'Mac OS X', os.arch: 'x86_64', os.version: '10.13.1', java.version: '1.8.0_25'
Driver info: io.appium.java_client.android.AndroidDriver
Capabilities {appActivity: com.newbay.syncdrive.androi..., appPackage: com.vcast.mediamanager, autoDismissAlerts: true, autoGrantPermissions: true, automationName: uiautomator2, deviceName: Android Device, javascriptEnabled: true, newCommandTimeout: 100, noReset: true, platform: ANDROID, platformName: ANDROID}
Session ID: e1fb0052-f1ab-4319-9580-517ba884eac9
*** Element info: {Using=xpath, value=//android.widget.ImageButton[@content-desc ='Navigate up']}
at sun.reflect.GeneratedConstructorAccessor9.newInstance(Unknown Source)
at sun.reflect.DelegatingConstructorAccessorImpl.newInstance(DelegatingConstructorAccessorImpl.java:45)
at java.lang.reflect.Constructor.newInstance(Constructor.java:408)
at org.openqa.selenium.remote.ErrorHandler.createThrowable(ErrorHandler.java:214)
at org.openqa.selenium.remote.ErrorHandler.throwIfResponseFailed(ErrorHandler.java:166)
at org.openqa.selenium.remote.http.JsonHttpResponseCodec.reconstructValue(JsonHttpResponseCodec.java:40)
at org.openqa.selenium.remote.http.AbstractHttpResponseCodec.decode(AbstractHttpResponseCodec.java:80)
at org.openqa.selenium.remote.http.AbstractHttpResponseCodec.decode(AbstractHttpResponseCodec.java:44)
at org.openqa.selenium.remote.HttpCommandExecutor.execute(HttpCommandExecutor.java:158)
at io.appium.java_client.remote.AppiumCommandExecutor.execute(AppiumCommandExecutor.java:89)
at org.openqa.selenium.remote.RemoteWebDriver.execute(RemoteWebDriver.java:548)
at io.appium.java_client.DefaultGenericMobileDriver.execute(DefaultGenericMobileDriver.java:42)
at io.appium.java_client.AppiumDriver.execute(AppiumDriver.java:1)
at io.appium.java_client.android.AndroidDriver.execute(AndroidDriver.java:1)
at org.openqa.selenium.remote.RemoteWebDriver.findElements(RemoteWebDriver.java:349)
at io.appium.java_client.DefaultGenericMobileDriver.findElements(DefaultGenericMobileDriver.java:54)
at io.appium.java_client.AppiumDriver.findElements(AppiumDriver.java:149)
at org.openqa.selenium.remote.RemoteWebDriver.findElementsByXPath(RemoteWebDriver.java:428)
at io.appium.java_client.DefaultGenericMobileDriver.findElementsByXPath(DefaultGenericMobileDriver.java:144)
at io.appium.java_client.AppiumDriver.findElementsByXPath(AppiumDriver.java:181)
at org.openqa.selenium.By$ByXPath.findElements(By.java:348)
at org.openqa.selenium.remote.RemoteWebDriver.findElements(RemoteWebDriver.java:310)
at io.appium.java_client.DefaultGenericMobileDriver.findElements(DefaultGenericMobileDriver.java:50)
at io.appium.java_client.AppiumDriver.findElements(AppiumDriver.java:145)
at org.openqa.selenium.support.ui.ExpectedConditions.findElement(ExpectedConditions.java:881)
at org.openqa.selenium.support.ui.ExpectedConditions.access$000(ExpectedConditions.java:43)
at org.openqa.selenium.support.ui.ExpectedConditions$7.apply(ExpectedConditions.java:205)
at org.openqa.selenium.support.ui.ExpectedConditions$7.apply(ExpectedConditions.java:201)
at org.openqa.selenium.support.ui.FluentWait.until(FluentWait.java:208)
at objectrepository.CommonMethods.Xpath(CommonMethods.java:42)
at objectrepository.CommonMethods.RateMyAppDisplay(CommonMethods.java:167)
at testcases.PhotosAndVideo.AppState(PhotosAndVideo.java:48)
at sun.reflect.NativeMethodAccessorImpl.invoke0(Native Method)
at sun.reflect.NativeMethodAccessorImpl.invoke(NativeMethodAccessorImpl.java:62)
at sun.reflect.DelegatingMethodAccessorImpl.invoke(DelegatingMethodAccessorImpl.java:43)
at java.lang.reflect.Method.invoke(Method.java:483)
at org.testng.internal.MethodInvocationHelper.invokeMethod(MethodInvocationHelper.java:124)
at org.testng.internal.MethodInvocationHelper.invokeMethodConsideringTimeout(MethodInvocationHelper.java:59)
at org.testng.internal.Invoker.invokeConfigurationMethod(Invoker.java:458)
at org.testng.internal.Invoker.invokeConfigurations(Invoker.java:222)
at org.testng.internal.Invoker.invokeMethod(Invoker.java:523)
at org.testng.internal.Invoker.invokeTestMethod(Invoker.java:719)
at org.testng.internal.Invoker.invokeTestMethods(Invoker.java:989)
at org.testng.internal.TestMethodWorker.invokeTestMethods(TestMethodWorker.java:125)
at org.testng.internal.TestMethodWorker.run(TestMethodWorker.java:109)
at org.testng.TestRunner.privateRun(TestRunner.java:648)
at org.testng.TestRunner.run(TestRunner.java:505)
at org.testng.SuiteRunner.runTest(SuiteRunner.java:455)
at org.testng.SuiteRunner.runSequentially(SuiteRunner.java:450)
at org.testng.SuiteRunner.privateRun(SuiteRunner.java:415)
at org.testng.SuiteRunner.run(SuiteRunner.java:364)
at org.testng.SuiteRunnerWorker.runSuite(SuiteRunnerWorker.java:52)
at org.testng.SuiteRunnerWorker.run(SuiteRunnerWorker.java:84)
at org.testng.TestNG.runSuitesSequentially(TestNG.java:1208)
at org.testng.TestNG.runSuitesLocally(TestNG.java:1137)
at org.testng.TestNG.runSuites(TestNG.java:1049)
at org.testng.TestNG.run(TestNG.java:1017)
at org.apache.maven.surefire.testng.TestNGExecutor.run(TestNGExecutor.java:283)
at org.apache.maven.surefire.testng.TestNGXmlTestSuite.execute(TestNGXmlTestSuite.java:75)
at org.apache.maven.surefire.testng.TestNGProvider.invoke(TestNGProvider.java:120)
at org.apache.maven.surefire.booter.ForkedBooter.invokeProviderInSameClassLoader(ForkedBooter.java:379)
at org.apache.maven.surefire.booter.ForkedBooter.runSuitesInProcess(ForkedBooter.java:340)
at org.apache.maven.surefire.booter.ForkedBooter.execute(ForkedBooter.java:125)
at org.apache.maven.surefire.booter.ForkedBooter.main(ForkedBooter.java:413)
]]>
            </full-stacktrace>
          </exception> <!-- org.openqa.selenium.NoSuchSessionException -->
          <reporter-output>
          </reporter-output>
        </test-method> <!-- PhotoVidDownload -->
        <test-method status="SKIP" signature="PhotoVidDelete()[pri:0, instance:testcases.PhotosAndVideo@14acaea5]" name="PhotoVidDelete" duration-ms="0" started-at="2018-07-16T14:39:03Z" finished-at="2018-07-16T14:39:03Z">
          <exception class="org.openqa.selenium.NoSuchSessionException">
            <message>
              <![CDATA[A session is either terminated or not started (WARNING: The server did not provide any stacktrace information)
Command duration or timeout: 0 milliseconds
Build info: version: '3.13.0', revision: '2f0d292', time: '2018-06-25T15:24:21.231Z'
System info: host: 'IEC02N926BG3QT', ip: 'fe80:0:0:0:1480:349:de4a:f301%en0', os.name: 'Mac OS X', os.arch: 'x86_64', os.version: '10.13.1', java.version: '1.8.0_25'
Driver info: io.appium.java_client.android.AndroidDriver
Capabilities {appActivity: com.newbay.syncdrive.androi..., appPackage: com.vcast.mediamanager, autoDismissAlerts: true, autoGrantPermissions: true, automationName: uiautomator2, deviceName: Android Device, javascriptEnabled: true, newCommandTimeout: 100, noReset: true, platform: ANDROID, platformName: ANDROID}
Session ID: e1fb0052-f1ab-4319-9580-517ba884eac9
*** Element info: {Using=xpath, value=//android.widget.ImageButton[@content-desc ='Navigate up']}]]>
            </message>
            <full-stacktrace>
              <![CDATA[org.openqa.selenium.NoSuchSessionException: A session is either terminated or not started (WARNING: The server did not provide any stacktrace information)
Command duration or timeout: 0 milliseconds
Build info: version: '3.13.0', revision: '2f0d292', time: '2018-06-25T15:24:21.231Z'
System info: host: 'IEC02N926BG3QT', ip: 'fe80:0:0:0:1480:349:de4a:f301%en0', os.name: 'Mac OS X', os.arch: 'x86_64', os.version: '10.13.1', java.version: '1.8.0_25'
Driver info: io.appium.java_client.android.AndroidDriver
Capabilities {appActivity: com.newbay.syncdrive.androi..., appPackage: com.vcast.mediamanager, autoDismissAlerts: true, autoGrantPermissions: true, automationName: uiautomator2, deviceName: Android Device, javascriptEnabled: true, newCommandTimeout: 100, noReset: true, platform: ANDROID, platformName: ANDROID}
Session ID: e1fb0052-f1ab-4319-9580-517ba884eac9
*** Element info: {Using=xpath, value=//android.widget.ImageButton[@content-desc ='Navigate up']}
at sun.reflect.GeneratedConstructorAccessor9.newInstance(Unknown Source)
at sun.reflect.DelegatingConstructorAccessorImpl.newInstance(DelegatingConstructorAccessorImpl.java:45)
at java.lang.reflect.Constructor.newInstance(Constructor.java:408)
at org.openqa.selenium.remote.ErrorHandler.createThrowable(ErrorHandler.java:214)
at org.openqa.selenium.remote.ErrorHandler.throwIfResponseFailed(ErrorHandler.java:166)
at org.openqa.selenium.remote.http.JsonHttpResponseCodec.reconstructValue(JsonHttpResponseCodec.java:40)
at org.openqa.selenium.remote.http.AbstractHttpResponseCodec.decode(AbstractHttpResponseCodec.java:80)
at org.openqa.selenium.remote.http.AbstractHttpResponseCodec.decode(AbstractHttpResponseCodec.java:44)
at org.openqa.selenium.remote.HttpCommandExecutor.execute(HttpCommandExecutor.java:158)
at io.appium.java_client.remote.AppiumCommandExecutor.execute(AppiumCommandExecutor.java:89)
at org.openqa.selenium.remote.RemoteWebDriver.execute(RemoteWebDriver.java:548)
at io.appium.java_client.DefaultGenericMobileDriver.execute(DefaultGenericMobileDriver.java:42)
at io.appium.java_client.AppiumDriver.execute(AppiumDriver.java:1)
at io.appium.java_client.android.AndroidDriver.execute(AndroidDriver.java:1)
at org.openqa.selenium.remote.RemoteWebDriver.findElements(RemoteWebDriver.java:349)
at io.appium.java_client.DefaultGenericMobileDriver.findElements(DefaultGenericMobileDriver.java:54)
at io.appium.java_client.AppiumDriver.findElements(AppiumDriver.java:149)
at org.openqa.selenium.remote.RemoteWebDriver.findElementsByXPath(RemoteWebDriver.java:428)
at io.appium.java_client.DefaultGenericMobileDriver.findElementsByXPath(DefaultGenericMobileDriver.java:144)
at io.appium.java_client.AppiumDriver.findElementsByXPath(AppiumDriver.java:181)
at org.openqa.selenium.By$ByXPath.findElements(By.java:348)
at org.openqa.selenium.remote.RemoteWebDriver.findElements(RemoteWebDriver.java:310)
at io.appium.java_client.DefaultGenericMobileDriver.findElements(DefaultGenericMobileDriver.java:50)
at io.appium.java_client.AppiumDriver.findElements(AppiumDriver.java:145)
at org.openqa.selenium.support.ui.ExpectedConditions.findElement(ExpectedConditions.java:881)
at org.openqa.selenium.support.ui.ExpectedConditions.access$000(ExpectedConditions.java:43)
at org.openqa.selenium.support.ui.ExpectedConditions$7.apply(ExpectedConditions.java:205)
at org.openqa.selenium.support.ui.ExpectedConditions$7.apply(ExpectedConditions.java:201)
at org.openqa.selenium.support.ui.FluentWait.until(FluentWait.java:208)
at objectrepository.CommonMethods.Xpath(CommonMethods.java:42)
at objectrepository.CommonMethods.RateMyAppDisplay(CommonMethods.java:167)
at testcases.PhotosAndVideo.AppState(PhotosAndVideo.java:48)
at sun.reflect.NativeMethodAccessorImpl.invoke0(Native Method)
at sun.reflect.NativeMethodAccessorImpl.invoke(NativeMethodAccessorImpl.java:62)
at sun.reflect.DelegatingMethodAccessorImpl.invoke(DelegatingMethodAccessorImpl.java:43)
at java.lang.reflect.Method.invoke(Method.java:483)
at org.testng.internal.MethodInvocationHelper.invokeMethod(MethodInvocationHelper.java:124)
at org.testng.internal.MethodInvocationHelper.invokeMethodConsideringTimeout(MethodInvocationHelper.java:59)
at org.testng.internal.Invoker.invokeConfigurationMethod(Invoker.java:458)
at org.testng.internal.Invoker.invokeConfigurations(Invoker.java:222)
at org.testng.internal.Invoker.invokeMethod(Invoker.java:523)
at org.testng.internal.Invoker.invokeTestMethod(Invoker.java:719)
at org.testng.internal.Invoker.invokeTestMethods(Invoker.java:989)
at org.testng.internal.TestMethodWorker.invokeTestMethods(TestMethodWorker.java:125)
at org.testng.internal.TestMethodWorker.run(TestMethodWorker.java:109)
at org.testng.TestRunner.privateRun(TestRunner.java:648)
at org.testng.TestRunner.run(TestRunner.java:505)
at org.testng.SuiteRunner.runTest(SuiteRunner.java:455)
at org.testng.SuiteRunner.runSequentially(SuiteRunner.java:450)
at org.testng.SuiteRunner.privateRun(SuiteRunner.java:415)
at org.testng.SuiteRunner.run(SuiteRunner.java:364)
at org.testng.SuiteRunnerWorker.runSuite(SuiteRunnerWorker.java:52)
at org.testng.SuiteRunnerWorker.run(SuiteRunnerWorker.java:84)
at org.testng.TestNG.runSuitesSequentially(TestNG.java:1208)
at org.testng.TestNG.runSuitesLocally(TestNG.java:1137)
at org.testng.TestNG.runSuites(TestNG.java:1049)
at org.testng.TestNG.run(TestNG.java:1017)
at org.apache.maven.surefire.testng.TestNGExecutor.run(TestNGExecutor.java:283)
at org.apache.maven.surefire.testng.TestNGXmlTestSuite.execute(TestNGXmlTestSuite.java:75)
at org.apache.maven.surefire.testng.TestNGProvider.invoke(TestNGProvider.java:120)
at org.apache.maven.surefire.booter.ForkedBooter.invokeProviderInSameClassLoader(ForkedBooter.java:379)
at org.apache.maven.surefire.booter.ForkedBooter.runSuitesInProcess(ForkedBooter.java:340)
at org.apache.maven.surefire.booter.ForkedBooter.execute(ForkedBooter.java:125)
at org.apache.maven.surefire.booter.ForkedBooter.main(ForkedBooter.java:413)
]]>
            </full-stacktrace>
          </exception> <!-- org.openqa.selenium.NoSuchSessionException -->
          <reporter-output>
          </reporter-output>
        </test-method> <!-- PhotoVidDelete -->
        <test-method status="SKIP" signature="AppState()[pri:0, instance:testcases.PhotosAndVideo@14acaea5]" name="AppState" is-config="true" duration-ms="0" started-at="2018-07-16T14:39:03Z" finished-at="2018-07-16T14:39:03Z">
          <reporter-output>
          </reporter-output>
        </test-method> <!-- AppState -->
        <test-method status="SKIP" signature="AppState()[pri:0, instance:testcases.PhotosAndVideo@14acaea5]" name="AppState" is-config="true" duration-ms="0" started-at="2018-07-16T14:39:03Z" finished-at="2018-07-16T14:39:03Z">
          <reporter-output>
          </reporter-output>
        </test-method> <!-- AppState -->
        <test-method status="SKIP" signature="PhotoVidFav()[pri:0, instance:testcases.PhotosAndVideo@14acaea5]" name="PhotoVidFav" duration-ms="0" started-at="2018-07-16T14:39:04Z" finished-at="2018-07-16T14:39:04Z">
          <exception class="org.openqa.selenium.NoSuchSessionException">
            <message>
              <![CDATA[A session is either terminated or not started (WARNING: The server did not provide any stacktrace information)
Command duration or timeout: 0 milliseconds
Build info: version: '3.13.0', revision: '2f0d292', time: '2018-06-25T15:24:21.231Z'
System info: host: 'IEC02N926BG3QT', ip: 'fe80:0:0:0:1480:349:de4a:f301%en0', os.name: 'Mac OS X', os.arch: 'x86_64', os.version: '10.13.1', java.version: '1.8.0_25'
Driver info: io.appium.java_client.android.AndroidDriver
Capabilities {appActivity: com.newbay.syncdrive.androi..., appPackage: com.vcast.mediamanager, autoDismissAlerts: true, autoGrantPermissions: true, automationName: uiautomator2, deviceName: Android Device, javascriptEnabled: true, newCommandTimeout: 100, noReset: true, platform: ANDROID, platformName: ANDROID}
Session ID: e1fb0052-f1ab-4319-9580-517ba884eac9
*** Element info: {Using=xpath, value=//android.widget.ImageButton[@content-desc ='Navigate up']}]]>
            </message>
            <full-stacktrace>
              <![CDATA[org.openqa.selenium.NoSuchSessionException: A session is either terminated or not started (WARNING: The server did not provide any stacktrace information)
Command duration or timeout: 0 milliseconds
Build info: version: '3.13.0', revision: '2f0d292', time: '2018-06-25T15:24:21.231Z'
System info: host: 'IEC02N926BG3QT', ip: 'fe80:0:0:0:1480:349:de4a:f301%en0', os.name: 'Mac OS X', os.arch: 'x86_64', os.version: '10.13.1', java.version: '1.8.0_25'
Driver info: io.appium.java_client.android.AndroidDriver
[...]
at io.appium.java_client.android.AndroidDriver.findElement(AndroidDriver.java:1)
at org.openqa.selenium.remote.RemoteWebDriver.findElementByXPath(RemoteWebDriver.java:424)
at io.appium.java_client.DefaultGenericMobileDriver.findElementByXPath(DefaultGenericMobileDriver.java:140)
at io.appium.java_client.AppiumDriver.findElementByXPath(AppiumDriver.java:1)
at io.appium.java_client.android.AndroidDriver.findElementByXPath(AndroidDriver.java:1)
at testcases.MessageCenter.MessageCenter2(MessageCenter.java:40)
at sun.reflect.NativeMethodAccessorImpl.invoke0(Native Method)
at sun.reflect.NativeMethodAccessorImpl.invoke(NativeMethodAccessorImpl.java:62)
at sun.reflect.DelegatingMethodAccessorImpl.invoke(DelegatingMethodAccessorImpl.java:43)
at java.lang.reflect.Method.invoke(Method.java:483)
at org.testng.internal.MethodInvocationHelper.invokeMethod(MethodInvocationHelper.java:124)
at org.testng.internal.Invoker.invokeMethod(Invoker.java:583)
at org.testng.internal.Invoker.invokeTestMethod(Invoker.java:719)
at org.testng.internal.Invoker.invokeTestMethods(Invoker.java:989)
at org.testng.internal.TestMethodWorker.invokeTestMethods(TestMethodWorker.java:125)
at org.testng.internal.TestMethodWorker.run(TestMethodWorker.java:109)
at org.testng.TestRunner.privateRun(TestRunner.java:648)
at org.testng.TestRunner.run(TestRunner.java:505)
at org.testng.SuiteRunner.runTest(SuiteRunner.java:455)
at org.testng.SuiteRunner.runSequentially(SuiteRunner.java:450)
at org.testng.SuiteRunner.privateRun(SuiteRunner.java:415)
at org.testng.SuiteRunner.run(SuiteRunner.java:364)
at org.testng.SuiteRunnerWorker.runSuite(SuiteRunnerWorker.java:52)
at org.testng.SuiteRunnerWorker.run(SuiteRunnerWorker.java:84)
at org.testng.TestNG.runSuitesSequentially(TestNG.java:1208)
at org.testng.TestNG.runSuitesLocally(TestNG.java:1137)
at org.testng.TestNG.runSuites(TestNG.java:1049)
at org.testng.TestNG.run(TestNG.java:1017)
at org.apache.maven.surefire.testng.TestNGExecutor.run(TestNGExecutor.java:283)
at org.apache.maven.surefire.testng.TestNGXmlTestSuite.execute(TestNGXmlTestSuite.java:75)
at org.apache.maven.surefire.testng.TestNGProvider.invoke(TestNGProvider.java:120)
at org.apache.maven.surefire.booter.ForkedBooter.invokeProviderInSameClassLoader(ForkedBooter.java:379)
at org.apache.maven.surefire.booter.ForkedBooter.runSuitesInProcess(ForkedBooter.java:340)
at org.apache.maven.surefire.booter.ForkedBooter.execute(ForkedBooter.java:125)
at org.apache.maven.surefire.booter.ForkedBooter.main(ForkedBooter.java:413)
]]>
            </full-stacktrace>
          </exception> <!-- org.openqa.selenium.NoSuchSessionException -->
          <reporter-output>
          </reporter-output>
        </test-method> <!-- MessageCenter2 -->
        <test-method status="FAIL" signature="test()[pri:0, instance:testcases.MessageCenter@26be92ad]" name="test" duration-ms="13" started-at="2018-07-16T14:39:03Z" finished-at="2018-07-16T14:39:03Z">
          <exception class="org.openqa.selenium.NoSuchSessionException">
            <message>
              <![CDATA[A session is either terminated or not started (WARNING: The server did not provide any stacktrace information)
Command duration or timeout: 0 milliseconds
Build info: version: '3.13.0', revision: '2f0d292', time: '2018-06-25T15:24:21.231Z'
System info: host: 'IEC02N926BG3QT', ip: 'fe80:0:0:0:1480:349:de4a:f301%en0', os.name: 'Mac OS X', os.arch: 'x86_64', os.version: '10.13.1', java.version: '1.8.0_25'
Driver info: io.appium.java_client.android.AndroidDriver
Capabilities {appActivity: com.newbay.syncdrive.androi..., appPackage: com.vcast.mediamanager, autoDismissAlerts: true, autoGrantPermissions: true, automationName: uiautomator2, deviceName: Android Device, javascriptEnabled: true, newCommandTimeout: 100, noReset: true, platform: ANDROID, platformName: ANDROID}
Session ID: 568b1fe8-221c-41c4-aa3b-a6e2e036ec99
*** Element info: {Using=xpath, value=//android.widget.ImageButton[@content-desc ='Navigate up']}]]>
            </message>
            <full-stacktrace>
              <![CDATA[org.openqa.selenium.NoSuchSessionException: A session is either terminated or not started (WARNING: The server did not provide any stacktrace information)
Command duration or timeout: 0 milliseconds
Build info: version: '3.13.0', revision: '2f0d292', time: '2018-06-25T15:24:21.231Z'
System info: host: 'IEC02N926BG3QT', ip: 'fe80:0:0:0:1480:349:de4a:f301%en0', os.name: 'Mac OS X', os.arch: 'x86_64', os.version: '10.13.1', java.version: '1.8.0_25'
Driver info: io.appium.java_client.android.AndroidDriver
Capabilities {appActivity: com.newbay.syncdrive.androi..., appPackage: com.vcast.mediamanager, autoDismissAlerts: true, autoGrantPermissions: true, automationName: uiautomator2, deviceName: Android Device, javascriptEnabled: true, newCommandTimeout: 100, noReset: true, platform: ANDROID, platformName: ANDROID}
Session ID: 568b1fe8-221c-41c4-aa3b-a6e2e036ec99
*** Element info: {Using=xpath, value=//android.widget.ImageButton[@content-desc ='Navigate up']}
at sun.reflect.GeneratedConstructorAccessor9.newInstance(Unknown Source)
at sun.reflect.DelegatingConstructorAccessorImpl.newInstance(DelegatingConstructorAccessorImpl.java:45)
at java.lang.reflect.Constructor.newInstance(Constructor.java:408)
at org.openqa.selenium.remote.ErrorHandler.createThrowable(ErrorHandler.java:214)
at org.openqa.selenium.remote.ErrorHandler.throwIfResponseFailed(ErrorHandler.java:166)
at org.openqa.selenium.remote.http.JsonHttpResponseCodec.reconstructValue(JsonHttpResponseCodec.java:40)
at org.openqa.selenium.remote.http.AbstractHttpResponseCodec.decode(AbstractHttpResponseCodec.java:80)
at org.openqa.selenium.remote.http.AbstractHttpResponseCodec.decode(AbstractHttpResponseCodec.java:44)
at org.openqa.selenium.remote.HttpCommandExecutor.execute(HttpCommandExecutor.java:158)
at io.appium.java_client.remote.AppiumCommandExecutor.execute(AppiumCommandExecutor.java:89)
at org.openqa.selenium.remote.RemoteWebDriver.execute(RemoteWebDriver.java:548)
at io.appium.java_client.DefaultGenericMobileDriver.execute(DefaultGenericMobileDriver.java:42)
at io.appium.java_client.AppiumDriver.execute(AppiumDriver.java:1)
at io.appium.java_client.android.AndroidDriver.execute(AndroidDriver.java:1)
at org.openqa.selenium.remote.RemoteWebDriver.findElements(RemoteWebDriver.java:349)
at io.appium.java_client.DefaultGenericMobileDriver.findElements(DefaultGenericMobileDriver.java:54)
at io.appium.java_client.AppiumDriver.findElements(AppiumDriver.java:149)
at org.openqa.selenium.remote.RemoteWebDriver.findElementsByXPath(RemoteWebDriver.java:428)
at io.appium.java_client.DefaultGenericMobileDriver.findElementsByXPath(DefaultGenericMobileDriver.java:144)
at io.appium.java_client.AppiumDriver.findElementsByXPath(AppiumDriver.java:181)
at org.openqa.selenium.By$ByXPath.findElements(By.java:348)
at org.openqa.selenium.remote.RemoteWebDriver.findElements(RemoteWebDriver.java:310)
at io.appium.java_client.DefaultGenericMobileDriver.findElements(DefaultGenericMobileDriver.java:50)
at io.appium.java_client.AppiumDriver.findElements(AppiumDriver.java:145)
at org.openqa.selenium.support.ui.ExpectedConditions.findElement(ExpectedConditions.java:881)
at org.openqa.selenium.support.ui.ExpectedConditions.access$000(ExpectedConditions.java:43)
at org.openqa.selenium.support.ui.ExpectedConditions$7.apply(ExpectedConditions.java:205)
at org.openqa.selenium.support.ui.ExpectedConditions$7.apply(ExpectedConditions.java:201)
at org.openqa.selenium.support.ui.FluentWait.until(FluentWait.java:208)
at objectrepository.CommonMethods.Xpath(CommonMethods.java:42)
at testcases.MessageCenter.test(MessageCenter.java:31)
at sun.reflect.NativeMethodAccessorImpl.invoke0(Native Method)
at sun.reflect.NativeMethodAccessorImpl.invoke(NativeMethodAccessorImpl.java:62)
at sun.reflect.DelegatingMethodAccessorImpl.invoke(DelegatingMethodAccessorImpl.java:43)
at java.lang.reflect.Method.invoke(Method.java:483)
at org.testng.internal.MethodInvocationHelper.invokeMethod(MethodInvocationHelper.java:124)
at org.testng.internal.Invoker.invokeMethod(Invoker.java:583)
at org.testng.internal.Invoker.invokeTestMethod(Invoker.java:719)
at org.testng.internal.Invoker.invokeTestMethods(Invoker.java:989)
at org.testng.internal.TestMethodWorker.invokeTestMethods(TestMethodWorker.java:125)
at org.testng.internal.TestMethodWorker.run(TestMethodWorker.java:109)
at org.testng.TestRunner.privateRun(TestRunner.java:648)
at org.testng.TestRunner.run(TestRunner.java:505)
at org.testng.SuiteRunner.runTest(SuiteRunner.java:455)
at org.testng.SuiteRunner.runSequentially(SuiteRunner.java:450)
at org.testng.SuiteRunner.privateRun(SuiteRunner.java:415)
at org.testng.SuiteRunner.run(SuiteRunner.java:364)
at org.testng.SuiteRunnerWorker.runSuite(SuiteRunnerWorker.java:52)
at org.testng.SuiteRunnerWorker.run(SuiteRunnerWorker.java:84)
at org.testng.TestNG.runSuitesSequentially(TestNG.java:1208)
at org.testng.TestNG.runSuitesLocally(TestNG.java:1137)
at org.testng.TestNG.runSuites(TestNG.java:1049)
at org.testng.TestNG.run(TestNG.java:1017)
at org.apache.maven.surefire.testng.TestNGExecutor.run(TestNGExecutor.java:283)
at org.apache.maven.surefire.testng.TestNGXmlTestSuite.execute(TestNGXmlTestSuite.java:75)
at org.apache.maven.surefire.testng.TestNGProvider.invoke(TestNGProvider.java:120)
at org.apache.maven.surefire.booter.ForkedBooter.invokeProviderInSameClassLoader(ForkedBooter.java:379)
at org.apache.maven.surefire.booter.ForkedBooter.runSuitesInProcess(ForkedBooter.java:340)
at org.apache.maven.surefire.booter.ForkedBooter.execute(ForkedBooter.java:125)
at org.apache.maven.surefire.booter.ForkedBooter.main(ForkedBooter.java:413)
]]>
            </full-stacktrace>
          </exception> <!-- org.openqa.selenium.NoSuchSessionException -->
          <reporter-output>
          </reporter-output>
        </test-method> <!-- test -->
      </class> <!-- testcases.MessageCenter -->
      <class name="testcases.Settings">
        <test-method status="PASS" signature="SetBackUp()[pri:0, instance:testcases.Settings@224edc67]" name="SetBackUp" duration-ms="15242" started-at="2018-07-16T14:37:32Z" finished-at="2018-07-16T14:37:47Z">
          <reporter-output>
          </reporter-output>
        </test-method> <!-- SetBackUp -->
        <test-method status="FAIL" signature="SettingsPageLayout()[pri:0, instance:testcases.Settings@224edc67]" name="SettingsPageLayout" duration-ms="37917" started-at="2018-07-16T14:37:47Z" finished-at="2018-07-16T14:38:25Z">
          <exception class="org.openqa.selenium.TimeoutException">
            <message>
              <![CDATA[Expected condition failed: waiting for visibility of element located by By.xpath: //android.widget.TextView[@text ='Manage Storage'] (tried for 30 second(s) with 500 MILLISECONDS interval)]]>
            </message>
            <full-stacktrace>
              <![CDATA[org.openqa.selenium.TimeoutException: Expected condition failed: waiting for visibility of element located by By.xpath: //android.widget.TextView[@text ='Manage Storage'] (tried for 30 second(s) with 500 MILLISECONDS interval)
at org.openqa.selenium.support.ui.WebDriverWait.timeoutException(WebDriverWait.java:82)
at org.openqa.selenium.support.ui.FluentWait.until(FluentWait.java:231)
at objectrepository.CommonMethods.WaitForIt(CommonMethods.java:52)
at objectrepository.CommonMethods.AssertXpathExists(CommonMethods.java:288)
at testcases.Settings.SettingsPageLayout(Settings.java:45)
at sun.reflect.NativeMethodAccessorImpl.invoke0(Native Method)
at sun.reflect.NativeMethodAccessorImpl.invoke(NativeMethodAccessorImpl.java:62)
at sun.reflect.DelegatingMethodAccessorImpl.invoke(DelegatingMethodAccessorImpl.java:43)
at java.lang.reflect.Method.invoke(Method.java:483)
at org.testng.internal.MethodInvocationHelper.invokeMethod(MethodInvocationHelper.java:124)
at org.testng.internal.Invoker.invokeMethod(Invoker.java:583)
at org.testng.internal.Invoker.invokeTestMethod(Invoker.java:719)
at org.testng.internal.Invoker.invokeTestMethods(Invoker.java:989)
at org.testng.internal.TestMethodWorker.invokeTestMethods(TestMethodWorker.java:125)
at org.testng.internal.TestMethodWorker.run(TestMethodWorker.java:109)
at org.testng.TestRunner.privateRun(TestRunner.java:648)
at org.testng.TestRunner.run(TestRunner.java:505)
at org.testng.SuiteRunner.runTest(SuiteRunner.java:455)
at org.testng.SuiteRunner.runSequentially(SuiteRunner.java:450)
at org.testng.SuiteRunner.privateRun(SuiteRunner.java:415)
at org.testng.SuiteRunner.run(SuiteRunner.java:364)
at org.testng.SuiteRunnerWorker.runSuite(SuiteRunnerWorker.java:52)
at org.testng.SuiteRunnerWorker.run(SuiteRunnerWorker.java:84)
at org.testng.TestNG.runSuitesSequentially(TestNG.java:1208)
at org.testng.TestNG.runSuitesLocally(TestNG.java:1137)
at org.testng.TestNG.runSuites(TestNG.java:1049)
at org.testng.TestNG.run(TestNG.java:1017)
at org.apache.maven.surefire.testng.TestNGExecutor.run(TestNGExecutor.java:283)
at org.apache.maven.surefire.testng.TestNGXmlTestSuite.execute(TestNGXmlTestSuite.java:75)
at org.apache.maven.surefire.testng.TestNGProvider.invoke(TestNGProvider.java:120)
at org.apache.maven.surefire.booter.ForkedBooter.invokeProviderInSameClassLoader(ForkedBooter.java:379)
at org.apache.maven.surefire.booter.ForkedBooter.runSuitesInProcess(ForkedBooter.java:340)
at org.apache.maven.surefire.booter.ForkedBooter.execute(ForkedBooter.java:125)
at org.apache.maven.surefire.booter.ForkedBooter.main(ForkedBooter.java:413)
Caused by: org.openqa.selenium.NoSuchElementException: Cannot locate an element using By.xpath: //android.widget.TextView[@text ='Manage Storage']
For documentation on this error, please visit: http://seleniumhq.org/exceptions/no_such_element.html
Build info: version: '3.13.0', revision: '2f0d292', time: '2018-06-25T15:24:21.231Z'
System info: host: 'IEC02N926BG3QT', ip: 'fe80:0:0:0:1480:349:de4a:f301%en0', os.name: 'Mac OS X', os.arch: 'x86_64', os.version: '10.13.1', java.version: '1.8.0_25'
Driver info: driver.version: unknown
at org.openqa.selenium.support.ui.ExpectedConditions.lambda$findElement$0(ExpectedConditions.java:882)
at org.openqa.selenium.support.ui.ExpectedConditions$$Lambda$226/1662592920.get(Unknown Source)
at java.util.Optional.orElseThrow(Optional.java:290)
at org.openqa.selenium.support.ui.ExpectedConditions.findElement(ExpectedConditions.java:881)
at org.openqa.selenium.support.ui.ExpectedConditions.access$000(ExpectedConditions.java:43)
at org.openqa.selenium.support.ui.ExpectedConditions$7.apply(ExpectedConditions.java:205)
at org.openqa.selenium.support.ui.ExpectedConditions$7.apply(ExpectedConditions.java:201)
at org.openqa.selenium.support.ui.FluentWait.until(FluentWait.java:208)
... 32 more
]]>
            </full-stacktrace>
          </exception> <!-- org.openqa.selenium.TimeoutException -->
          <reporter-output>
          </reporter-output>
        </test-method> <!-- SettingsPageLayout -->
        <test-method status="PASS" signature="ToDisable()[pri:0, instance:testcases.Settings@224edc67]" name="ToDisable" duration-ms="7039" started-at="2018-07-16T14:38:25Z" finished-at="2018-07-16T14:38:32Z">
          <reporter-output>
          </reporter-output>
        </test-method> <!-- ToDisable -->
        <test-method status="FAIL" signature="Tools()[pri:0, instance:testcases.Settings@224edc67]" name="Tools" duration-ms="31143" started-at="2018-07-16T14:38:32Z" finished-at="2018-07-16T14:39:03Z">
          <exception class="org.openqa.selenium.TimeoutException">
            <message>
              <![CDATA[Expected condition failed: waiting for visibility of element located by By.xpath: //android.widget.TextView[@index = '9' and contains(@text,'Settings')] (tried for 30 second(s) with 500 MILLISECONDS interval)]]>
            </message>
            <full-stacktrace>
              <![CDATA[org.openqa.selenium.TimeoutException: Expected condition failed: waiting for visibility of element located by By.xpath: //android.widget.TextView[@index = '9' and contains(@text,'Settings')] (tried for 30 second(s) with 500 MILLISECONDS interval)
at org.openqa.selenium.support.ui.WebDriverWait.timeoutException(WebDriverWait.java:82)
at org.openqa.selenium.support.ui.FluentWait.until(FluentWait.java:231)
at objectrepository.CommonMethods.Xpath(CommonMethods.java:42)
at testcases.Settings.Tools(Settings.java:56)
at sun.reflect.NativeMethodAccessorImpl.invoke0(Native Method)
at sun.reflect.NativeMethodAccessorImpl.invoke(NativeMethodAccessorImpl.java:62)
at sun.reflect.DelegatingMethodAccessorImpl.invoke(DelegatingMethodAccessorImpl.java:43)
at java.lang.reflect.Method.invoke(Method.java:483)
at org.testng.internal.MethodInvocationHelper.invokeMethod(MethodInvocationHelper.java:124)
at org.testng.internal.Invoker.invokeMethod(Invoker.java:583)
at org.testng.internal.Invoker.invokeTestMethod(Invoker.java:719)
at org.testng.internal.Invoker.invokeTestMethods(Invoker.java:989)
at org.testng.internal.TestMethodWorker.invokeTestMethods(TestMethodWorker.java:125)
at org.testng.internal.TestMethodWorker.run(TestMethodWorker.java:109)
at org.testng.TestRunner.privateRun(TestRunner.java:648)
at org.testng.TestRunner.run(TestRunner.java:505)
at org.testng.SuiteRunner.runTest(SuiteRunner.java:455)
at org.testng.SuiteRunner.runSequentially(SuiteRunner.java:450)
at org.testng.SuiteRunner.privateRun(SuiteRunner.java:415)
at org.testng.SuiteRunner.run(SuiteRunner.java:364)
at org.testng.SuiteRunnerWorker.runSuite(SuiteRunnerWorker.java:52)
at org.testng.SuiteRunnerWorker.run(SuiteRunnerWorker.java:84)
at org.testng.TestNG.runSuitesSequentially(TestNG.java:1208)
at org.testng.TestNG.runSuitesLocally(TestNG.java:1137)
at org.testng.TestNG.runSuites(TestNG.java:1049)
at org.testng.TestNG.run(TestNG.java:1017)
at org.apache.maven.surefire.testng.TestNGExecutor.run(TestNGExecutor.java:283)
at org.apache.maven.surefire.testng.TestNGXmlTestSuite.execute(TestNGXmlTestSuite.java:75)
at org.apache.maven.surefire.testng.TestNGProvider.invoke(TestNGProvider.java:120)
at org.apache.maven.surefire.booter.ForkedBooter.invokeProviderInSameClassLoader(ForkedBooter.java:379)
at org.apache.maven.surefire.booter.ForkedBooter.runSuitesInProcess(ForkedBooter.java:340)
at org.apache.maven.surefire.booter.ForkedBooter.execute(ForkedBooter.java:125)
at org.apache.maven.surefire.booter.ForkedBooter.main(ForkedBooter.java:413)
Caused by: org.openqa.selenium.NoSuchElementException: Cannot locate an element using By.xpath: //android.widget.TextView[@index = '9' and contains(@text,'Settings')]
For documentation on this error, please visit: http://seleniumhq.org/exceptions/no_such_element.html
Build info: version: '3.13.0', revision: '2f0d292', time: '2018-06-25T15:24:21.231Z'
System info: host: 'IEC02N926BG3QT', ip: 'fe80:0:0:0:1480:349:de4a:f301%en0', os.name: 'Mac OS X', os.arch: 'x86_64', os.version: '10.13.1', java.version: '1.8.0_25'
Driver info: driver.version: unknown
at org.openqa.selenium.support.ui.ExpectedConditions.lambda$findElement$0(ExpectedConditions.java:882)
at org.openqa.selenium.support.ui.ExpectedConditions$$Lambda$226/1662592920.get(Unknown Source)
at java.util.Optional.orElseThrow(Optional.java:290)
at org.openqa.selenium.support.ui.ExpectedConditions.findElement(ExpectedConditions.java:881)
at org.openqa.selenium.support.ui.ExpectedConditions.access$000(ExpectedConditions.java:43)
at org.openqa.selenium.support.ui.ExpectedConditions$7.apply(ExpectedConditions.java:205)
at org.openqa.selenium.support.ui.ExpectedConditions$7.apply(ExpectedConditions.java:201)
at org.openqa.selenium.support.ui.FluentWait.until(FluentWait.java:208)
... 31 more
]]>
            </full-stacktrace>
          </exception> <!-- org.openqa.selenium.TimeoutException -->
          <reporter-output>
          </reporter-output>
        </test-method> <!-- Tools -->
      </class> <!-- testcases.Settings -->
    </test> <!-- Regression Testcases -->
  </suite> <!-- Regression Test -->
</testng-results>
