<?xml version="1.0" encoding="UTF-8"?>
<testsuite xmlns:xsi="http://www.w3.org/2001/XMLSchema-instance" xsi:noNamespaceSchemaLocation="https://maven.apache.org/surefire/maven-surefire-plugin/xsd/surefire-test-report.xsd" name="TestSuite" time="1,106.973" tests="23" errors="0" skipped="0" failures="6">
  <properties>
[...]
</properties>
  <testcase name="ArtistAddtoPlaylist" classname="testcases.Music" time="51.644"/>
  <testcase name="ArtistDownload" classname="testcases.Music" time="79.681"/>
  <testcase name="ArtistView" classname="testcases.Music" time="49.504"/>
  <testcase name="CreatePlaylist" classname="testcases.Music" time="78.313"/>
  <testcase name="DeleteSong" classname="testcases.Music" time="61.448"/>
  <testcase name="PlaySong" classname="testcases.Music" time="35.549"/>
  <testcase name="SetBackUp" classname="testcases.Settings" time="35.194"/>
  <testcase name="SettingsPageLayout" classname="testcases.Settings" time="31.982"/>
  <testcase name="ToDisable" classname="testcases.Settings" time="34.037"/>
  <testcase name="Tools" classname="testcases.Settings" time="32.392"/>
  <testcase name="DocDeleteCancel" classname="testcases.Documents" time="32.523">
    <failure message="android.support.test.uiautomator.StaleObjectException&#10;	at android.support.test.uiautomator.UiObject2.getAccessibilityNodeInfo(UiObject2.java:629)&#10;	at android.support.test.uiautomator.UiObject2.getVisibleBounds(UiObject2.java:210)&#10;	at io.appium.uiautomator2.model.UiObject2Element.getBounds(UiObject2Element.java:146)&#10;	at io.appium.uiautomator2.handler.Location.safeHandle(Location.java:31)&#10;	at io.appium.uiautomator2.handler.request.SafeRequestHandler.handle(SafeRequestHandler.java:56)&#10;	at io.appium.uiautomator2.server.AppiumServlet.handleRequest(AppiumServlet.java:202)&#10;	at io.appium.uiautomator2.server.AppiumServlet.handleHttpRequest(AppiumServlet.java:193)&#10;	at io.appium.uiautomator2.http.ServerHandler.channelRead(ServerHandler.java:44)&#10;	at io.netty.channel.AbstractChannelHandlerContext.invokeChannelRead(AbstractChannelHandlerContext.java:366)&#10;	at io.netty.channel.AbstractChannelHandlerContext.invokeChannelRead(AbstractChannelHandlerContext.java:352)&#10;	at io.netty.channel.AbstractChannelHandlerContext.fireChannelRead(AbstractChannelHandlerContext.java:345)&#10;	at io.netty.handler.codec.MessageToMessageDecoder.channelRead(MessageToMessageDecoder.java:102)&#10;	at io.netty.channel.AbstractChannelHandlerContext.invokeChannelRead(AbstractChannelHandlerContext.java:366)&#10;	at io.netty.channel.AbstractChannelHandlerContext.invokeChannelRead(AbstractChannelHandlerContext.java:352)&#10;	at io.netty.channel.AbstractChannelHandlerContext.fireChannelRead(AbstractChannelHandlerContext.java:345)&#10;	at io.netty.channel.CombinedChannelDuplexHandler$DelegatingChannelHandlerContext.fireChannelRead(CombinedChannelDuplexHandler.java:435)&#10;	at io.netty.handler.codec.ByteToMessageDecoder.fireChannelRead(ByteToMessageDecoder.java:293)&#10;	at io.netty.handler.codec.ByteToMessageDecoder.channelRead(ByteToMessageDecoder.java:267)&#10;	at io.netty.channel.CombinedChannelDuplexHandler.channelRead(CombinedChannelDuplexHandler.java:250)&#10;	at io.netty.channel.AbstractChannelHandlerContext.invokeChannelRead(AbstractChannelHandlerContext.java:366)&#10;	at io.netty.channel.AbstractChannelHandlerContext.invokeChannelRead(AbstractChannelHandlerContext.java:352)&#10;	at io.netty.channel.AbstractChannelHandlerContext.fireChannelRead(AbstractChannelHandlerContext.java:345)&#10;	at io.netty.channel.DefaultChannelPipeline$HeadContext.channelRead(DefaultChannelPipeline.java:1294)&#10;	at io.netty.channel.AbstractChannelHandlerContext.invokeChannelRead(AbstractChannelHandlerContext.java:366)&#10;	at io.netty.channel.AbstractChannelHandlerContext.invokeChannelRead(AbstractChannelHandlerContext.java:352)&#10;	at io.netty.channel.DefaultChannelPipeline.fireChannelRead(DefaultChannelPipeline.java:911)&#10;	at io.netty.channel.nio.AbstractNioByteChannel$NioByteUnsafe.read(AbstractNioByteChannel.java:131)&#10;	at io.netty.channel.nio.NioEventLoop.processSelectedKey(NioEventLoop.java:611)&#10;	at io.netty.channel.nio.NioEventLoop.processSelectedKeysPlain(NioEventLoop.java:514)&#10;	at io.netty.channel.nio.NioEventLoop.processSelectedKeys(NioEventLoop.java:468)&#10;	at io.netty.channel.nio.NioEventLoop.run(NioEventLoop.java:438)&#10;	at io.netty.util.concurrent.SingleThreadEventExecutor$2.run(SingleThreadEventExecutor.java:140)&#10;	at io.netty.util.concurrent.DefaultThreadFactory$DefaultRunnableDecorator.run(DefaultThreadFactory.java:144)&#10;	at java.lang.Thread.run(Thread.java:818)&#10; (WARNING: The server did not provide any stacktrace information)&#10;Command duration or timeout: 0 milliseconds&#10;For documentation on this error, please visit: http://seleniumhq.org/exceptions/stale_element_reference.html&#10;Build info: version: &apos;3.8.1&apos;, revision: &apos;6e95a6684b&apos;, time: &apos;2017-12-01T18:33:54.468Z&apos;&#10;System info: host: &apos;IEC02N926BG3QT&apos;, ip: &apos;fe80:0:0:0:1480:349:de4a:f301%en0&apos;, os.name: &apos;Mac OS X&apos;, os.arch: &apos;x86_64&apos;, os.version: &apos;10.13.1&apos;, java.version: &apos;1.8.0_25&apos;&#10;Driver info: io.appium.java_client.android.AndroidDriver&#10;Capabilities {appActivity: com.newbay.syncdrive.androi..., appPackage: com.vcast.mediamanager, autoGrantPermissions: true, automationName: uiautomator2, deviceName: Android Device, javascriptEnabled: true, newCommandTimeout: 100, noReset: true, platform: ANDROID, platformName: ANDROID}&#10;Session ID: 38e22207-7cf9-4ca6-b273-445700ba39e3" type="org.openqa.selenium.StaleElementReferenceException">org.openqa.selenium.StaleElementReferenceException: 
android.support.test.uiautomator.StaleObjectException
	at android.support.test.uiautomator.UiObject2.getAccessibilityNodeInfo(UiObject2.java:629)
	at android.support.test.uiautomator.UiObject2.getVisibleBounds(UiObject2.java:210)
	at io.appium.uiautomator2.model.UiObject2Element.getBounds(UiObject2Element.java:146)
	at io.appium.uiautomator2.handler.Location.safeHandle(Location.java:31)
	at io.appium.uiautomator2.handler.request.SafeRequestHandler.handle(SafeRequestHandler.java:56)
	at io.appium.uiautomator2.server.AppiumServlet.handleRequest(AppiumServlet.java:202)
	at io.appium.uiautomator2.server.AppiumServlet.handleHttpRequest(AppiumServlet.java:193)
	at io.appium.uiautomator2.http.ServerHandler.channelRead(ServerHandler.java:44)
	at io.netty.channel.AbstractChannelHandlerContext.invokeChannelRead(AbstractChannelHandlerContext.java:366)
	at io.netty.channel.AbstractChannelHandlerContext.invokeChannelRead(AbstractChannelHandlerContext.java:352)
	at io.netty.channel.AbstractChannelHandlerContext.fireChannelRead(AbstractChannelHandlerContext.java:345)
	at io.netty.handler.codec.MessageToMessageDecoder.channelRead(MessageToMessageDecoder.java:102)
	at io.netty.channel.AbstractChannelHandlerContext.invokeChannelRead(AbstractChannelHandlerContext.java:366)
	at io.netty.channel.AbstractChannelHandlerContext.invokeChannelRead(AbstractChannelHandlerContext.java:352)
	at io.netty.channel.AbstractChannelHandlerContext.fireChannelRead(AbstractChannelHandlerContext.java:345)
	at io.netty.channel.CombinedChannelDuplexHandler$DelegatingChannelHandlerContext.fireChannelRead(CombinedChannelDuplexHandler.java:435)
	at io.netty.handler.codec.ByteToMessageDecoder.fireChannelRead(ByteToMessageDecoder.java:293)
	at io.netty.handler.codec.ByteToMessageDecoder.channelRead(ByteToMessageDecoder.java:267)
	at io.netty.channel.CombinedChannelDuplexHandler.channelRead(CombinedChannelDuplexHandler.java:250)
	at io.netty.channel.AbstractChannelHandlerContext.invokeChannelRead(AbstractChannelHandlerContext.java:366)
	at io.netty.channel.AbstractChannelHandlerContext.invokeChannelRead(AbstractChannelHandlerContext.java:352)
	at io.netty.channel.AbstractChannelHandlerContext.fireChannelRead(AbstractChannelHandlerContext.java:345)
	at io.netty.channel.DefaultChannelPipeline$HeadContext.channelRead(DefaultChannelPipeline.java:1294)
	at io.netty.channel.AbstractChannelHandlerContext.invokeChannelRead(AbstractChannelHandlerContext.java:366)
	at io.netty.channel.AbstractChannelHandlerContext.invokeChannelRead(AbstractChannelHandlerContext.java:352)
	at io.netty.channel.DefaultChannelPipeline.fireChannelRead(DefaultChannelPipeline.java:911)
	at io.netty.channel.nio.AbstractNioByteChannel$NioByteUnsafe.read(AbstractNioByteChannel.java:131)
	at io.netty.channel.nio.NioEventLoop.processSelectedKey(NioEventLoop.java:611)
	at io.netty.channel.nio.NioEventLoop.processSelectedKeysPlain(NioEventLoop.java:514)
	at io.netty.channel.nio.NioEventLoop.processSelectedKeys(NioEventLoop.java:468)
	at io.netty.channel.nio.NioEventLoop.run(NioEventLoop.java:438)
	at io.netty.util.concurrent.SingleThreadEventExecutor$2.run(SingleThreadEventExecutor.java:140)
	at io.netty.util.concurrent.DefaultThreadFactory$DefaultRunnableDecorator.run(DefaultThreadFactory.java:144)
	at java.lang.Thread.run(Thread.java:818)
 (WARNING: The server did not provide any stacktrace information)
Command duration or timeout: 0 milliseconds
For documentation on this error, please visit: http://seleniumhq.org/exceptions/stale_element_reference.html
Build info: version: '3.8.1', revision: '6e95a6684b', time: '2017-12-01T18:33:54.468Z'
System info: host: 'IEC02N926BG3QT', ip: 'fe80:0:0:0:1480:349:de4a:f301%en0', os.name: 'Mac OS X', os.arch: 'x86_64', os.version: '10.13.1', java.version: '1.8.0_25'
Driver info: io.appium.java_client.android.AndroidDriver
Capabilities {appActivity: com.newbay.syncdrive.androi..., appPackage: com.vcast.mediamanager, autoGrantPermissions: true, automationName: uiautomator2, deviceName: Android Device, javascriptEnabled: true, newCommandTimeout: 100, noReset: true, platform: ANDROID, platformName: ANDROID}
Session ID: 38e22207-7cf9-4ca6-b273-445700ba39e3
	at testcases.Documents.DocDeleteCancel(Documents.java:205)
</failure>
    <system-err><![CDATA[Jun 18, 2018 10:41:37 AM org.openqa.selenium.remote.ProtocolHandshake createSession
INFO: Detected dialect: OSS
]]></system-err>
  </testcase>
  <testcase name="DocFavSwitch" classname="testcases.Documents" time="70.812">
    <failure message="Expected condition failed: waiting for visibility of element located by By.xpath: //android.widget.ImageView[@content-desc = &apos;OVERFLOW&apos;] (tried for 30 second(s) with 500 MILLISECONDS interval)" type="org.openqa.selenium.TimeoutException">org.openqa.selenium.TimeoutException: Expected condition failed: waiting for visibility of element located by By.xpath: //android.widget.ImageView[@content-desc = 'OVERFLOW'] (tried for 30 second(s) with 500 MILLISECONDS interval)
	at testcases.Documents.DocFavSwitch(Documents.java:140)
Caused by: org.openqa.selenium.NoSuchElementException: 
Cannot locate an element using By.xpath: //android.widget.ImageView[@content-desc = 'OVERFLOW']
For documentation on this error, please visit: http://seleniumhq.org/exceptions/no_such_element.html
Build info: version: '3.8.1', revision: '6e95a6684b', time: '2017-12-01T18:33:54.468Z'
System info: host: 'IEC02N926BG3QT', ip: 'fe80:0:0:0:1480:349:de4a:f301%en0', os.name: 'Mac OS X', os.arch: 'x86_64', os.version: '10.13.1', java.version: '1.8.0_25'
Driver info: driver.version: unknown
	at testcases.Documents.DocFavSwitch(Documents.java:140)
</failure>
    <system-out><![CDATA[is here
]]></system-out>
    <system-err><![CDATA[Jun 18, 2018 10:42:11 AM org.openqa.selenium.remote.ProtocolHandshake createSession
INFO: Detected dialect: OSS
]]></system-err>
  </testcase>
  <testcase name="DocInfo" classname="testcases.Documents" time="34.544"/>
  <testcase name="DocumentDelete" classname="testcases.Documents" time="36.793"/>
  <testcase name="DocumentDownload" classname="testcases.Documents" time="39.999">
    <failure message="java.net.SocketException: Connection reset&#10;Build info: version: &apos;3.8.1&apos;, revision: &apos;6e95a6684b&apos;, time: &apos;2017-12-01T18:33:54.468Z&apos;&#10;System info: host: &apos;IEC02N926BG3QT&apos;, ip: &apos;fe80:0:0:0:1480:349:de4a:f301%en0&apos;, os.name: &apos;Mac OS X&apos;, os.arch: &apos;x86_64&apos;, os.version: &apos;10.13.1&apos;, java.version: &apos;1.8.0_25&apos;&#10;Driver info: driver.version: AppiumDriver" type="org.openqa.selenium.WebDriverException">org.openqa.selenium.WebDriverException: 
java.net.SocketException: Connection reset
Build info: version: '3.8.1', revision: '6e95a6684b', time: '2017-12-01T18:33:54.468Z'
System info: host: 'IEC02N926BG3QT', ip: 'fe80:0:0:0:1480:349:de4a:f301%en0', os.name: 'Mac OS X', os.arch: 'x86_64', os.version: '10.13.1', java.version: '1.8.0_25'
Driver info: driver.version: AppiumDriver
	at testcases.Documents.DocumentDownload(Documents.java:159)
Caused by: java.net.SocketException: Connection reset
	at testcases.Documents.DocumentDownload(Documents.java:159)
</failure>
    <system-err><![CDATA[Jun 18, 2018 10:44:30 AM org.openqa.selenium.remote.ProtocolHandshake createSession
INFO: Detected dialect: OSS
]]></system-err>
  </testcase>
  <testcase name="DocumentsCopyShareLink" classname="testcases.Documents" time="65.619">
    <failure message="Expected condition failed: waiting for visibility of element located by By.xpath: //android.widget.ImageView[@content-desc = &apos;OVERFLOW&apos;] (tried for 30 second(s) with 500 MILLISECONDS interval)" type="org.openqa.selenium.TimeoutException">org.openqa.selenium.TimeoutException: Expected condition failed: waiting for visibility of element located by By.xpath: //android.widget.ImageView[@content-desc = 'OVERFLOW'] (tried for 30 second(s) with 500 MILLISECONDS interval)
	at testcases.Documents.DocumentsCopyShareLink(Documents.java:112)
Caused by: org.openqa.selenium.NoSuchElementException: 
Cannot locate an element using By.xpath: //android.widget.ImageView[@content-desc = 'OVERFLOW']
For documentation on this error, please visit: http://seleniumhq.org/exceptions/no_such_element.html
Build info: version: '3.8.1', revision: '6e95a6684b', time: '2017-12-01T18:33:54.468Z'
System info: host: 'IEC02N926BG3QT', ip: 'fe80:0:0:0:1480:349:de4a:f301%en0', os.name: 'Mac OS X', os.arch: 'x86_64', os.version: '10.13.1', java.version: '1.8.0_25'
Driver info: driver.version: unknown
	at testcases.Documents.DocumentsCopyShareLink(Documents.java:112)
</failure>
    <system-err><![CDATA[Jun 18, 2018 10:45:10 AM org.openqa.selenium.remote.ProtocolHandshake createSession
INFO: Detected dialect: OSS
]]></system-err>
  </testcase>
  <testcase name="DocumentsOpen" classname="testcases.Documents" time="35.486"/>
  <testcase name="DocumentsShare" classname="testcases.Documents" time="44.362"/>
  <testcase name="DocumentsSort" classname="testcases.Documents" time="71.29">
    <failure message="Expected condition failed: waiting for visibility of element located by By.xpath: //android.widget.RelativeLayout[@index =&apos;1&apos;] (tried for 30 second(s) with 500 MILLISECONDS interval)" type="org.openqa.selenium.TimeoutException">org.openqa.selenium.TimeoutException: Expected condition failed: waiting for visibility of element located by By.xpath: //android.widget.RelativeLayout[@index ='1'] (tried for 30 second(s) with 500 MILLISECONDS interval)
	at testcases.Documents.DocumentsSort(Documents.java:42)
Caused by: org.openqa.selenium.NoSuchElementException: 
Cannot locate an element using By.xpath: //android.widget.RelativeLayout[@index ='1']
For documentation on this error, please visit: http://seleniumhq.org/exceptions/no_such_element.html
Build info: version: '3.8.1', revision: '6e95a6684b', time: '2017-12-01T18:33:54.468Z'
System info: host: 'IEC02N926BG3QT', ip: 'fe80:0:0:0:1480:349:de4a:f301%en0', os.name: 'Mac OS X', os.arch: 'x86_64', os.version: '10.13.1', java.version: '1.8.0_25'
Driver info: driver.version: unknown
	at testcases.Documents.DocumentsSort(Documents.java:42)
</failure>
    <system-err><![CDATA[Jun 18, 2018 10:47:37 AM org.openqa.selenium.remote.ProtocolHandshake createSession
INFO: Detected dialect: OSS
]]></system-err>
  </testcase>
  <testcase name="FindExt" classname="testcases.AllFiles" time="61.823">
    <failure message="Expected condition failed: waiting for visibility of element located by By.xpath: //android.widget.TextView[@index = &apos;8&apos; and contains(@text,&apos;All Files&apos;)] (tried for 30 second(s) with 500 MILLISECONDS interval)" type="org.openqa.selenium.TimeoutException">org.openqa.selenium.TimeoutException: Expected condition failed: waiting for visibility of element located by By.xpath: //android.widget.TextView[@index = '8' and contains(@text,'All Files')] (tried for 30 second(s) with 500 MILLISECONDS interval)
	at testcases.AllFiles.FindExt(AllFiles.java:45)
Caused by: org.openqa.selenium.NoSuchElementException: 
Cannot locate an element using By.xpath: //android.widget.TextView[@index = '8' and contains(@text,'All Files')]
For documentation on this error, please visit: http://seleniumhq.org/exceptions/no_such_element.html
Build info: version: '3.8.1', revision: '6e95a6684b', time: '2017-12-01T18:33:54.468Z'
System info: host: 'IEC02N926BG3QT', ip: 'fe80:0:0:0:1480:349:de4a:f301%en0', os.name: 'Mac OS X', os.arch: 'x86_64', os.version: '10.13.1', java.version: '1.8.0_25'
Driver info: driver.version: unknown
	at testcases.AllFiles.FindExt(AllFiles.java:45)
</failure>
    <system-err><![CDATA[Jun 18, 2018 10:48:48 AM org.openqa.selenium.remote.ProtocolHandshake createSession
INFO: Detected dialect: OSS
]]></system-err>
  </testcase>
  <testcase name="OpenMobileRepro" classname="testcases.AllFiles" time="43.914"/>
  <testcase name="Fullview" classname="testcases.PhotosAndVideo" time="39.277"/>
  <testcase name="Info" classname="testcases.PhotosAndVideo" time="40.007"/>
</testsuite>