<?xml version="1.0" encoding="UTF-8"?>
<testng-results skipped="0" failed="0" ignored="0" total="1" passed="1">
  <reporter-output>
  </reporter-output>
  <suite name="PhotoAndVideo Test" duration-ms="36580" started-at="2018-03-12T17:15:54Z" finished-at="2018-03-12T17:16:31Z">
    <groups>
    </groups>
    <test name="PhotoAndVideo Testcases" duration-ms="36580" started-at="2018-03-12T17:15:54Z" finished-at="2018-03-12T17:16:31Z">
      <class name="testcases.PhotosAndVideo">
        <test-method status="PASS" signature="BInfo()[pri:1, instance:testcases.PhotosAndVideo@3a03464]" name="BInfo" duration-ms="36552" started-at="2018-03-12T17:15:54Z" finished-at="2018-03-12T17:16:31Z">
          <reporter-output>
          </reporter-output>
        </test-method> <!-- BInfo -->
      </class> <!-- testcases.PhotosAndVideo -->
    </test> <!-- PhotoAndVideo Testcases -->
  </suite> <!-- PhotoAndVideo Test -->
</testng-results>
