<?xml version="1.0" encoding="UTF-8"?>
<testng-results skipped="0" failed="0" ignored="0" total="1" passed="1">
  <reporter-output>
  </reporter-output>
  <suite name="Default suite" duration-ms="60292" started-at="2018-04-24T11:14:14Z" finished-at="2018-04-24T11:15:15Z">
    <groups>
    </groups>
    <test name="Default test" duration-ms="60292" started-at="2018-04-24T11:14:14Z" finished-at="2018-04-24T11:15:15Z">
      <class name="testcases.AllFiles">
        <test-method status="PASS" signature="FindExt()[pri:0, instance:testcases.AllFiles@2038ae61]" name="FindExt" duration-ms="60249" started-at="2018-04-24T12:14:14Z" finished-at="2018-04-24T12:15:15Z">
          <reporter-output>
          </reporter-output>
        </test-method> <!-- FindExt -->
      </class> <!-- testcases.AllFiles -->
    </test> <!-- Default test -->
  </suite> <!-- Default suite -->
</testng-results>
