<?xml version="1.0" encoding="UTF-8"?>
<testng-results skipped="0" failed="1" ignored="0" total="1" passed="0">
  <reporter-output>
  </reporter-output>
  <suite name="Default suite" duration-ms="64152" started-at="2018-04-03T15:58:17Z" finished-at="2018-04-03T15:59:21Z">
    <groups>
    </groups>
    <test name="Default test" duration-ms="64152" started-at="2018-04-03T15:58:17Z" finished-at="2018-04-03T15:59:21Z">
      <class name="testcases.Playground">
        <test-method status="FAIL" signature="scroll()[pri:0, instance:testcases.Playground@2038ae61]" name="scroll" duration-ms="64124" started-at="2018-04-03T16:58:17Z" finished-at="2018-04-03T16:59:21Z">
          <exception class="org.openqa.selenium.NoSuchSessionException">
            <message>
              <![CDATA[A session is either terminated or not started (WARNING: The server did not provide any stacktrace information)Command duration or timeout: 0 millisecondsBuild info: version: '3.8.1', revision: '6e95a6684b', time: '2017-12-01T18:33:54.468Z'System info: host: 'IEC02N926BG3QT', ip: 'fe80:0:0:0:14b0:f606:40ea:7e9b%en0', os.name: 'Mac OS X', os.arch: 'x86_64', os.version: '10.13.1', java.version: '1.8.0_25'Driver info: io.appium.java_client.android.AndroidDriverCapabilities {appActivity: com.newbay.syncdrive.androi..., appPackage: com.vcast.mediamanager, autoGrantPermissions: true, databaseEnabled: false, desired: {appActivity: com.newbay.syncdrive.androi..., appPackage: com.vcast.mediamanager, autoGrantPermissions: true, deviceName: Android Device, newCommandTimeout: 100, noReset: true, platformName: Android}, deviceManufacturer: HTC, deviceModel: HTC6535LVW, deviceName: FA53ZSV03580, deviceScreenSize: 1080x1920, deviceUDID: FA53ZSV03580, javascriptEnabled: true, locationContextEnabled: false, networkConnectionEnabled: true, newCommandTimeout: 100, noReset: true, platform: LINUX, platformName: LINUX, platformVersion: 6.0, takesScreenshot: true, warnings: {}, webStorageEnabled: false}Session ID: 03398bfa-3c6e-48e1-adf7-570e81e2fce1*** Element info: {Using=xpath, value=//android.widget.ImageView[@content-desc='Photo : IMAG0168.jpg]}]]>
            </message>
            <full-stacktrace>
              <![CDATA[org.openqa.selenium.NoSuchSessionException: A session is either terminated or not started (WARNING: The server did not provide any stacktrace information)Command duration or timeout: 0 millisecondsBuild info: version: '3.8.1', revision: '6e95a6684b', time: '2017-12-01T18:33:54.468Z'System info: host: 'IEC02N926BG3QT', ip: 'fe80:0:0:0:14b0:f606:40ea:7e9b%en0', os.name: 'Mac OS X', os.arch: 'x86_64', os.version: '10.13.1', java.version: '1.8.0_25'Driver info: io.appium.java_client.android.AndroidDriverCapabilities {appActivity: com.newbay.syncdrive.androi..., appPackage: com.vcast.mediamanager, autoGrantPermissions: true, databaseEnabled: false, desired: {appActivity: com.newbay.syncdrive.androi..., appPackage: com.vcast.mediamanager, autoGrantPermissions: true, deviceName: Android Device, newCommandTimeout: 100, noReset: true, platformName: Android}, deviceManufacturer: HTC, deviceModel: HTC6535LVW, deviceName: FA53ZSV03580, deviceScreenSize: 1080x1920, deviceUDID: FA53ZSV03580, javascriptEnabled: true, locationContextEnabled: false, networkConnectionEnabled: true, newCommandTimeout: 100, noReset: true, platform: LINUX, platformName: LINUX, platformVersion: 6.0, takesScreenshot: true, warnings: {}, webStorageEnabled: false}Session ID: 03398bfa-3c6e-48e1-adf7-570e81e2fce1*** Element info: {Using=xpath, value=//android.widget.ImageView[@content-desc='Photo : IMAG0168.jpg]}at sun.reflect.NativeConstructorAccessorImpl.newInstance0(Native Method)at sun.reflect.NativeConstructorAccessorImpl.newInstance(NativeConstructorAccessorImpl.java:62)at sun.reflect.DelegatingConstructorAccessorImpl.newInstance(DelegatingConstructorAccessorImpl.java:45)at java.lang.reflect.Constructor.newInstance(Constructor.java:408)at org.openqa.selenium.remote.ErrorHandler.createThrowable(ErrorHandler.java:214)at org.openqa.selenium.remote.ErrorHandler.throwIfResponseFailed(ErrorHandler.java:166)at org.openqa.selenium.remote.http.JsonHttpResponseCodec.reconstructValue(JsonHttpResponseCodec.java:40)at org.openqa.selenium.remote.http.AbstractHttpResponseCodec.decode(AbstractHttpResponseCodec.java:80)at org.openqa.selenium.remote.http.AbstractHttpResponseCodec.decode(AbstractHttpResponseCodec.java:44)at org.openqa.selenium.remote.HttpCommandExecutor.execute(HttpCommandExecutor.java:164)at io.appium.java_client.remote.AppiumCommandExecutor.execute(AppiumCommandExecutor.java:89)at org.openqa.selenium.remote.RemoteWebDriver.execute(RemoteWebDriver.java:601)at io.appium.java_client.DefaultGenericMobileDriver.execute(DefaultGenericMobileDriver.java:42)at io.appium.java_client.AppiumDriver.execute(AppiumDriver.java:1)at io.appium.java_client.android.AndroidDriver.execute(AndroidDriver.java:1)at org.openqa.selenium.remote.RemoteWebDriver.findElements(RemoteWebDriver.java:398)at io.appium.java_client.DefaultGenericMobileDriver.findElements(DefaultGenericMobileDriver.java:54)at io.appium.java_client.AppiumDriver.findElements(AppiumDriver.java:149)at org.openqa.selenium.remote.RemoteWebDriver.findElementsByXPath(RemoteWebDriver.java:477)at io.appium.java_client.DefaultGenericMobileDriver.findElementsByXPath(DefaultGenericMobileDriver.java:144)at io.appium.java_client.AppiumDriver.findElementsByXPath(AppiumDriver.java:181)at org.openqa.selenium.By$ByXPath.findElements(By.java:356)at org.openqa.selenium.remote.RemoteWebDriver.findElements(RemoteWebDriver.java:359)at io.appium.java_client.DefaultGenericMobileDriver.findElements(DefaultGenericMobileDriver.java:50)at io.appium.java_client.AppiumDriver.findElements(AppiumDriver.java:145)at org.openqa.selenium.support.ui.ExpectedConditions.findElement(ExpectedConditions.java:881)at org.openqa.selenium.support.ui.ExpectedConditions.access$000(ExpectedConditions.java:43)at org.openqa.selenium.support.ui.ExpectedConditions$7.apply(ExpectedConditions.java:205)at org.openqa.selenium.support.ui.ExpectedConditions$7.apply(ExpectedConditions.java:201)at org.openqa.selenium.support.ui.FluentWait.until(FluentWait.java:208)at objectrepository.CommonMethods.Xpath(CommonMethods.java:33)at testcases.Playground.scroll(Playground.java:115)at sun.reflect.NativeMethodAccessorImpl.invoke0(Native Method)at sun.reflect.NativeMethodAccessorImpl.invoke(NativeMethodAccessorImpl.java:62)at sun.reflect.DelegatingMethodAccessorImpl.invoke(DelegatingMethodAccessorImpl.java:43)at java.lang.reflect.Method.invoke(Method.java:483)at org.testng.internal.MethodInvocationHelper.invokeMethod(MethodInvocationHelper.java:124)at org.testng.internal.Invoker.invokeMethod(Invoker.java:571)at org.testng.internal.Invoker.invokeTestMethod(Invoker.java:707)at org.testng.internal.Invoker.invokeTestMethods(Invoker.java:979)at org.testng.internal.TestMethodWorker.invokeTestMethods(TestMethodWorker.java:125)at org.testng.internal.TestMethodWorker.run(TestMethodWorker.java:109)at org.testng.TestRunner.privateRun(TestRunner.java:648)at org.testng.TestRunner.run(TestRunner.java:505)at org.testng.SuiteRunner.runTest(SuiteRunner.java:455)at org.testng.SuiteRunner.runSequentially(SuiteRunner.java:450)at org.testng.SuiteRunner.privateRun(SuiteRunner.java:415)at org.testng.SuiteRunner.run(SuiteRunner.java:364)at org.testng.SuiteRunnerWorker.runSuite(SuiteRunnerWorker.java:52)at org.testng.SuiteRunnerWorker.run(SuiteRunnerWorker.java:84)at org.testng.TestNG.runSuitesSequentially(TestNG.java:1187)at org.testng.TestNG.runSuitesLocally(TestNG.java:1116)at org.testng.TestNG.runSuites(TestNG.java:1028)at org.testng.TestNG.run(TestNG.java:996)at org.testng.remote.AbstractRemoteTestNG.run(AbstractRemoteTestNG.java:114)at org.testng.remote.RemoteTestNG.initAndRun(RemoteTestNG.java:251)at org.testng.remote.RemoteTestNG.main(RemoteTestNG.java:77)]]>
            </full-stacktrace>
          </exception> <!-- org.openqa.selenium.NoSuchSessionException -->
          <reporter-output>
          </reporter-output>
        </test-method> <!-- scroll -->
      </class> <!-- testcases.Playground -->
    </test> <!-- Default test -->
  </suite> <!-- Default suite -->
</testng-results>
